{"/Users/liantian/workspace/osprojects/claw-ctx/src/ci_injector.ts": {"path":"/Users/liantian/workspace/osprojects/claw-ctx/src/ci_injector.ts","statementMap":{"0":{"start":{"line":47,"column":48},"end":{"line":47,"column":59}},"1":{"start":{"line":48,"column":48},"end":{"line":48,"column":59}},"2":{"start":{"line":49,"column":49},"end":{"line":49,"column":60}},"3":{"start":{"line":54,"column":31},"end":{"line":54,"column":null}},"4":{"start":{"line":55,"column":30},"end":{"line":55,"column":null}},"5":{"start":{"line":56,"column":32},"end":{"line":56,"column":null}},"6":{"start":{"line":58,"column":48},"end":{"line":58,"column":73}},"7":{"start":{"line":59,"column":48},"end":{"line":59,"column":72}},"8":{"start":{"line":60,"column":49},"end":{"line":60,"column":75}},"9":{"start":{"line":62,"column":37},"end":{"line":62,"column":63}},"10":{"start":{"line":63,"column":42},"end":{"line":63,"column":67}},"11":{"start":{"line":64,"column":38},"end":{"line":64,"column":65}},"12":{"start":{"line":65,"column":18},"end":{"line":65,"column":36}},"13":{"start":{"line":65,"column":36},"end":{"line":65,"column":53}},"14":{"start":{"line":65,"column":53},"end":{"line":65,"column":72}},"15":{"start":{"line":69,"column":10},"end":{"line":69,"column":null}},"16":{"start":{"line":70,"column":2},"end":{"line":72,"column":null}},"17":{"start":{"line":71,"column":4},"end":{"line":71,"column":null}},"18":{"start":{"line":73,"column":2},"end":{"line":73,"column":null}},"19":{"start":{"line":76,"column":53},"end":{"line":81,"column":null}},"20":{"start":{"line":83,"column":50},"end":{"line":88,"column":null}},"21":{"start":{"line":94,"column":4},"end":{"line":94,"column":null}},"22":{"start":{"line":101,"column":32},"end":{"line":101,"column":null}},"23":{"start":{"line":103,"column":4},"end":{"line":105,"column":null}},"24":{"start":{"line":104,"column":6},"end":{"line":104,"column":null}},"25":{"start":{"line":106,"column":4},"end":{"line":108,"column":null}},"26":{"start":{"line":107,"column":6},"end":{"line":107,"column":null}},"27":{"start":{"line":109,"column":4},"end":{"line":111,"column":null}},"28":{"start":{"line":110,"column":6},"end":{"line":110,"column":null}},"29":{"start":{"line":114,"column":4},"end":{"line":116,"column":null}},"30":{"start":{"line":115,"column":6},"end":{"line":115,"column":null}},"31":{"start":{"line":119,"column":4},"end":{"line":123,"column":null}},"32":{"start":{"line":120,"column":6},"end":{"line":120,"column":null}},"33":{"start":{"line":120,"column":60},"end":{"line":120,"column":null}},"34":{"start":{"line":121,"column":6},"end":{"line":121,"column":null}},"35":{"start":{"line":121,"column":60},"end":{"line":121,"column":null}},"36":{"start":{"line":122,"column":6},"end":{"line":122,"column":null}},"37":{"start":{"line":125,"column":16},"end":{"line":125,"column":null}},"38":{"start":{"line":126,"column":20},"end":{"line":126,"column":null}},"39":{"start":{"line":127,"column":24},"end":{"line":127,"column":null}},"40":{"start":{"line":127,"column":51},"end":{"line":127,"column":71}},"41":{"start":{"line":129,"column":4},"end":{"line":129,"column":null}},"42":{"start":{"line":137,"column":4},"end":{"line":137,"column":null}},"43":{"start":{"line":137,"column":30},"end":{"line":137,"column":null}},"44":{"start":{"line":139,"column":28},"end":{"line":139,"column":null}},"45":{"start":{"line":141,"column":4},"end":{"line":161,"column":null}},"46":{"start":{"line":142,"column":19},"end":{"line":142,"column":null}},"47":{"start":{"line":143,"column":20},"end":{"line":143,"column":null}},"48":{"start":{"line":144,"column":25},"end":{"line":144,"column":null}},"49":{"start":{"line":145,"column":25},"end":{"line":145,"column":null}},"50":{"start":{"line":147,"column":17},"end":{"line":147,"column":null}},"51":{"start":{"line":149,"column":6},"end":{"line":154,"column":null}},"52":{"start":{"line":151,"column":8},"end":{"line":151,"column":null}},"53":{"start":{"line":152,"column":13},"end":{"line":154,"column":null}},"54":{"start":{"line":153,"column":8},"end":{"line":153,"column":null}},"55":{"start":{"line":156,"column":6},"end":{"line":158,"column":null}},"56":{"start":{"line":157,"column":8},"end":{"line":157,"column":null}},"57":{"start":{"line":160,"column":6},"end":{"line":160,"column":null}},"58":{"start":{"line":163,"column":4},"end":{"line":163,"column":null}},"59":{"start":{"line":168,"column":4},"end":{"line":168,"column":null}}},"fnMap":{"0":{"name":"getBuildStatus","decl":{"start":{"line":47,"column":8},"end":{"line":47,"column":46}},"loc":{"start":{"line":47,"column":46},"end":{"line":47,"column":null}},"line":47},"1":{"name":"getTestResults","decl":{"start":{"line":48,"column":8},"end":{"line":48,"column":46}},"loc":{"start":{"line":48,"column":46},"end":{"line":48,"column":null}},"line":48},"2":{"name":"getDeployStatus","decl":{"start":{"line":49,"column":8},"end":{"line":49,"column":47}},"loc":{"start":{"line":49,"column":47},"end":{"line":49,"column":null}},"line":49},"3":{"name":"getBuildStatus","decl":{"start":{"line":58,"column":8},"end":{"line":58,"column":46}},"loc":{"start":{"line":58,"column":46},"end":{"line":58,"column":null}},"line":58},"4":{"name":"getTestResults","decl":{"start":{"line":59,"column":8},"end":{"line":59,"column":46}},"loc":{"start":{"line":59,"column":46},"end":{"line":59,"column":null}},"line":59},"5":{"name":"getDeployStatus","decl":{"start":{"line":60,"column":8},"end":{"line":60,"column":47}},"loc":{"start":{"line":60,"column":47},"end":{"line":60,"column":null}},"line":60},"6":{"name":"addBuild","decl":{"start":{"line":62,"column":2},"end":{"line":62,"column":11}},"loc":{"start":{"line":62,"column":35},"end":{"line":62,"column":null}},"line":62},"7":{"name":"addTestResult","decl":{"start":{"line":63,"column":2},"end":{"line":63,"column":16}},"loc":{"start":{"line":63,"column":40},"end":{"line":63,"column":null}},"line":63},"8":{"name":"addDeploy","decl":{"start":{"line":64,"column":2},"end":{"line":64,"column":12}},"loc":{"start":{"line":64,"column":36},"end":{"line":64,"column":null}},"line":64},"9":{"name":"clear","decl":{"start":{"line":65,"column":2},"end":{"line":65,"column":16}},"loc":{"start":{"line":65,"column":16},"end":{"line":65,"column":null}},"line":65},"10":{"name":"estimateTokens","decl":{"start":{"line":68,"column":9},"end":{"line":68,"column":24}},"loc":{"start":{"line":68,"column":46},"end":{"line":74,"column":null}},"line":68},"11":{"name":"constructor","decl":{"start":{"line":93,"column":2},"end":{"line":93,"column":14}},"loc":{"start":{"line":93,"column":37},"end":{"line":95,"column":null}},"line":93},"12":{"name":"inject","decl":{"start":{"line":100,"column":8},"end":{"line":100,"column":15}},"loc":{"start":{"line":100,"column":67},"end":{"line":130,"column":null}},"line":100},"13":{"name":"(anonymous_13)","decl":{"start":{"line":119,"column":12},"end":{"line":119,"column":18}},"loc":{"start":{"line":119,"column":27},"end":{"line":123,"column":5}},"line":119},"14":{"name":"(anonymous_14)","decl":{"start":{"line":127,"column":32},"end":{"line":127,"column":40}},"loc":{"start":{"line":127,"column":51},"end":{"line":127,"column":71}},"line":127},"15":{"name":"formatForContext","decl":{"start":{"line":136,"column":2},"end":{"line":136,"column":19}},"loc":{"start":{"line":136,"column":48},"end":{"line":164,"column":null}},"line":136},"16":{"name":"setProvider","decl":{"start":{"line":167,"column":2},"end":{"line":167,"column":14}},"loc":{"start":{"line":167,"column":42},"end":{"line":169,"column":null}},"line":167}},"branchMap":{"0":{"loc":{"start":{"line":71,"column":9},"end":{"line":71,"column":null}},"type":"cond-expr","locations":[{"start":{"line":71,"column":51},"end":{"line":71,"column":55}},{"start":{"line":71,"column":55},"end":{"line":71,"column":null}}],"line":71},"1":{"loc":{"start":{"line":94,"column":20},"end":{"line":94,"column":null}},"type":"binary-expr","locations":[{"start":{"line":94,"column":20},"end":{"line":94,"column":32}},{"start":{"line":94,"column":32},"end":{"line":94,"column":null}}],"line":94},"2":{"loc":{"start":{"line":103,"column":4},"end":{"line":105,"column":null}},"type":"if","locations":[{"start":{"line":103,"column":4},"end":{"line":105,"column":null}},{"start":{},"end":{}}],"line":103},"3":{"loc":{"start":{"line":104,"column":58},"end":{"line":104,"column":78}},"type":"binary-expr","locations":[{"start":{"line":104,"column":58},"end":{"line":104,"column":76}},{"start":{"line":104,"column":76},"end":{"line":104,"column":78}}],"line":104},"4":{"loc":{"start":{"line":106,"column":4},"end":{"line":108,"column":null}},"type":"if","locations":[{"start":{"line":106,"column":4},"end":{"line":108,"column":null}},{"start":{},"end":{}}],"line":106},"5":{"loc":{"start":{"line":107,"column":58},"end":{"line":107,"column":78}},"type":"binary-expr","locations":[{"start":{"line":107,"column":58},"end":{"line":107,"column":76}},{"start":{"line":107,"column":76},"end":{"line":107,"column":78}}],"line":107},"6":{"loc":{"start":{"line":109,"column":4},"end":{"line":111,"column":null}},"type":"if","locations":[{"start":{"line":109,"column":4},"end":{"line":111,"column":null}},{"start":{},"end":{}}],"line":109},"7":{"loc":{"start":{"line":110,"column":59},"end":{"line":110,"column":79}},"type":"binary-expr","locations":[{"start":{"line":110,"column":59},"end":{"line":110,"column":77}},{"start":{"line":110,"column":77},"end":{"line":110,"column":79}}],"line":110},"8":{"loc":{"start":{"line":115,"column":68},"end":{"line":115,"column":84}},"type":"binary-expr","locations":[{"start":{"line":115,"column":68},"end":{"line":115,"column":82}},{"start":{"line":115,"column":82},"end":{"line":115,"column":84}}],"line":115},"9":{"loc":{"start":{"line":120,"column":6},"end":{"line":120,"column":null}},"type":"if","locations":[{"start":{"line":120,"column":6},"end":{"line":120,"column":null}},{"start":{},"end":{}}],"line":120},"10":{"loc":{"start":{"line":120,"column":10},"end":{"line":120,"column":60}},"type":"binary-expr","locations":[{"start":{"line":120,"column":10},"end":{"line":120,"column":36}},{"start":{"line":120,"column":36},"end":{"line":120,"column":60}}],"line":120},"11":{"loc":{"start":{"line":121,"column":6},"end":{"line":121,"column":null}},"type":"if","locations":[{"start":{"line":121,"column":6},"end":{"line":121,"column":null}},{"start":{},"end":{}}],"line":121},"12":{"loc":{"start":{"line":121,"column":10},"end":{"line":121,"column":60}},"type":"binary-expr","locations":[{"start":{"line":121,"column":10},"end":{"line":121,"column":36}},{"start":{"line":121,"column":36},"end":{"line":121,"column":60}}],"line":121},"13":{"loc":{"start":{"line":125,"column":16},"end":{"line":125,"column":null}},"type":"binary-expr","locations":[{"start":{"line":125,"column":16},"end":{"line":125,"column":37}},{"start":{"line":125,"column":37},"end":{"line":125,"column":null}}],"line":125},"14":{"loc":{"start":{"line":137,"column":4},"end":{"line":137,"column":null}},"type":"if","locations":[{"start":{"line":137,"column":4},"end":{"line":137,"column":null}},{"start":{},"end":{}}],"line":137},"15":{"loc":{"start":{"line":142,"column":19},"end":{"line":142,"column":null}},"type":"binary-expr","locations":[{"start":{"line":142,"column":19},"end":{"line":142,"column":47}},{"start":{"line":142,"column":47},"end":{"line":142,"column":null}}],"line":142},"16":{"loc":{"start":{"line":143,"column":20},"end":{"line":143,"column":null}},"type":"binary-expr","locations":[{"start":{"line":143,"column":20},"end":{"line":143,"column":45}},{"start":{"line":143,"column":45},"end":{"line":143,"column":null}}],"line":143},"17":{"loc":{"start":{"line":144,"column":25},"end":{"line":144,"column":null}},"type":"cond-expr","locations":[{"start":{"line":144,"column":38},"end":{"line":144,"column":59}},{"start":{"line":144,"column":59},"end":{"line":144,"column":null}}],"line":144},"18":{"loc":{"start":{"line":145,"column":25},"end":{"line":145,"column":null}},"type":"cond-expr","locations":[{"start":{"line":145,"column":38},"end":{"line":145,"column":71}},{"start":{"line":145,"column":71},"end":{"line":145,"column":null}}],"line":145},"19":{"loc":{"start":{"line":149,"column":6},"end":{"line":154,"column":null}},"type":"if","locations":[{"start":{"line":149,"column":6},"end":{"line":154,"column":null}},{"start":{"line":152,"column":13},"end":{"line":154,"column":null}}],"line":149},"20":{"loc":{"start":{"line":149,"column":10},"end":{"line":149,"column":59}},"type":"binary-expr","locations":[{"start":{"line":149,"column":10},"end":{"line":149,"column":38}},{"start":{"line":149,"column":38},"end":{"line":149,"column":59}}],"line":149},"21":{"loc":{"start":{"line":152,"column":13},"end":{"line":154,"column":null}},"type":"if","locations":[{"start":{"line":152,"column":13},"end":{"line":154,"column":null}},{"start":{},"end":{}}],"line":152},"22":{"loc":{"start":{"line":152,"column":17},"end":{"line":152,"column":67}},"type":"binary-expr","locations":[{"start":{"line":152,"column":17},"end":{"line":152,"column":45}},{"start":{"line":152,"column":45},"end":{"line":152,"column":67}}],"line":152},"23":{"loc":{"start":{"line":156,"column":6},"end":{"line":158,"column":null}},"type":"if","locations":[{"start":{"line":156,"column":6},"end":{"line":158,"column":null}},{"start":{},"end":{}}],"line":156}},"s":{"0":0,"1":0,"2":0,"3":0,"4":0,"5":0,"6":0,"7":0,"8":0,"9":0,"10":0,"11":0,"12":0,"13":0,"14":0,"15":0,"16":0,"17":0,"18":0,"19":0,"20":0,"21":0,"22":0,"23":0,"24":0,"25":0,"26":0,"27":0,"28":0,"29":0,"30":0,"31":0,"32":0,"33":0,"34":0,"35":0,"36":0,"37":0,"38":0,"39":0,"40":0,"41":0,"42":0,"43":0,"44":0,"45":0,"46":0,"47":0,"48":0,"49":0,"50":0,"51":0,"52":0,"53":0,"54":0,"55":0,"56":0,"57":0,"58":0,"59":0},"f":{"0":0,"1":0,"2":0,"3":0,"4":0,"5":0,"6":0,"7":0,"8":0,"9":0,"10":0,"11":0,"12":0,"13":0,"14":0,"15":0,"16":0},"b":{"0":[0,0],"1":[0,0],"2":[0,0],"3":[0,0],"4":[0,0],"5":[0,0],"6":[0,0],"7":[0,0],"8":[0,0],"9":[0,0],"10":[0,0],"11":[0,0],"12":[0,0],"13":[0,0],"14":[0,0],"15":[0,0],"16":[0,0],"17":[0,0],"18":[0,0],"19":[0,0],"20":[0,0],"21":[0,0],"22":[0,0],"23":[0,0]},"meta":{"lastBranch":24,"lastFunction":17,"lastStatement":60,"seen":{"f:47:8:47:46":0,"s:47:48:47:59":0,"f:48:8:48:46":1,"s:48:48:48:59":1,"f:49:8:49:47":2,"s:49:49:49:60":2,"s:54:31:54:Infinity":3,"s:55:30:55:Infinity":4,"s:56:32:56:Infinity":5,"f:58:8:58:46":3,"s:58:48:58:73":6,"f:59:8:59:46":4,"s:59:48:59:72":7,"f:60:8:60:47":5,"s:60:49:60:75":8,"f:62:2:62:11":6,"s:62:37:62:63":9,"f:63:2:63:16":7,"s:63:42:63:67":10,"f:64:2:64:12":8,"s:64:38:64:65":11,"f:65:2:65:16":9,"s:65:18:65:36":12,"s:65:36:65:53":13,"s:65:53:65:72":14,"f:68:9:68:24":10,"s:69:10:69:Infinity":15,"s:70:2:72:Infinity":16,"s:71:4:71:Infinity":17,"b:71:51:71:55:71:55:71:Infinity":0,"s:73:2:73:Infinity":18,"s:76:53:81:Infinity":19,"s:83:50:88:Infinity":20,"f:93:2:93:14":11,"s:94:4:94:Infinity":21,"b:94:20:94:32:94:32:94:Infinity":1,"f:100:8:100:15":12,"s:101:32:101:Infinity":22,"b:103:4:105:Infinity:undefined:undefined:undefined:undefined":2,"s:103:4:105:Infinity":23,"s:104:6:104:Infinity":24,"b:104:58:104:76:104:76:104:78":3,"b:106:4:108:Infinity:undefined:undefined:undefined:undefined":4,"s:106:4:108:Infinity":25,"s:107:6:107:Infinity":26,"b:107:58:107:76:107:76:107:78":5,"b:109:4:111:Infinity:undefined:undefined:undefined:undefined":6,"s:109:4:111:Infinity":27,"s:110:6:110:Infinity":28,"b:110:59:110:77:110:77:110:79":7,"s:114:4:116:Infinity":29,"s:115:6:115:Infinity":30,"b:115:68:115:82:115:82:115:84":8,"s:119:4:123:Infinity":31,"f:119:12:119:18":13,"b:120:6:120:Infinity:undefined:undefined:undefined:undefined":9,"s:120:6:120:Infinity":32,"b:120:10:120:36:120:36:120:60":10,"s:120:60:120:Infinity":33,"b:121:6:121:Infinity:undefined:undefined:undefined:undefined":11,"s:121:6:121:Infinity":34,"b:121:10:121:36:121:36:121:60":12,"s:121:60:121:Infinity":35,"s:122:6:122:Infinity":36,"s:125:16:125:Infinity":37,"b:125:16:125:37:125:37:125:Infinity":13,"s:126:20:126:Infinity":38,"s:127:24:127:Infinity":39,"f:127:32:127:40":14,"s:127:51:127:71":40,"s:129:4:129:Infinity":41,"f:136:2:136:19":15,"b:137:4:137:Infinity:undefined:undefined:undefined:undefined":14,"s:137:4:137:Infinity":42,"s:137:30:137:Infinity":43,"s:139:28:139:Infinity":44,"s:141:4:161:Infinity":45,"s:142:19:142:Infinity":46,"b:142:19:142:47:142:47:142:Infinity":15,"s:143:20:143:Infinity":47,"b:143:20:143:45:143:45:143:Infinity":16,"s:144:25:144:Infinity":48,"b:144:38:144:59:144:59:144:Infinity":17,"s:145:25:145:Infinity":49,"b:145:38:145:71:145:71:145:Infinity":18,"s:147:17:147:Infinity":50,"b:149:6:154:Infinity:152:13:154:Infinity":19,"s:149:6:154:Infinity":51,"b:149:10:149:38:149:38:149:59":20,"s:151:8:151:Infinity":52,"b:152:13:154:Infinity:undefined:undefined:undefined:undefined":21,"s:152:13:154:Infinity":53,"b:152:17:152:45:152:45:152:67":22,"s:153:8:153:Infinity":54,"b:156:6:158:Infinity:undefined:undefined:undefined:undefined":23,"s:156:6:158:Infinity":55,"s:157:8:157:Infinity":56,"s:160:6:160:Infinity":57,"s:163:4:163:Infinity":58,"f:167:2:167:14":16,"s:168:4:168:Infinity":59}}}
,"/Users/liantian/workspace/osprojects/claw-ctx/src/confidence_gate.ts": {"path":"/Users/liantian/workspace/osprojects/claw-ctx/src/confidence_gate.ts","statementMap":{"0":{"start":{"line":41,"column":4},"end":{"line":41,"column":null}},"1":{"start":{"line":42,"column":4},"end":{"line":42,"column":null}},"2":{"start":{"line":43,"column":4},"end":{"line":43,"column":null}},"3":{"start":{"line":44,"column":4},"end":{"line":44,"column":null}},"4":{"start":{"line":51,"column":4},"end":{"line":53,"column":null}},"5":{"start":{"line":52,"column":6},"end":{"line":52,"column":null}},"6":{"start":{"line":54,"column":4},"end":{"line":57,"column":null}},"7":{"start":{"line":68,"column":4},"end":{"line":81,"column":null}},"8":{"start":{"line":69,"column":6},"end":{"line":80,"column":null}},"9":{"start":{"line":75,"column":37},"end":{"line":75,"column":50}},"10":{"start":{"line":83,"column":29},"end":{"line":83,"column":null}},"11":{"start":{"line":85,"column":4},"end":{"line":87,"column":null}},"12":{"start":{"line":86,"column":6},"end":{"line":86,"column":null}},"13":{"start":{"line":89,"column":19},"end":{"line":89,"column":null}},"14":{"start":{"line":89,"column":42},"end":{"line":89,"column":74}},"15":{"start":{"line":92,"column":4},"end":{"line":98,"column":null}},"16":{"start":{"line":93,"column":24},"end":{"line":95,"column":null}},"17":{"start":{"line":94,"column":26},"end":{"line":94,"column":57}},"18":{"start":{"line":95,"column":24},"end":{"line":95,"column":41}},"19":{"start":{"line":96,"column":21},"end":{"line":96,"column":null}},"20":{"start":{"line":97,"column":6},"end":{"line":97,"column":null}},"21":{"start":{"line":100,"column":37},"end":{"line":108,"column":null}},"22":{"start":{"line":104,"column":33},"end":{"line":104,"column":46}},"23":{"start":{"line":110,"column":4},"end":{"line":110,"column":null}},"24":{"start":{"line":118,"column":4},"end":{"line":118,"column":null}},"25":{"start":{"line":118,"column":28},"end":{"line":118,"column":null}},"26":{"start":{"line":120,"column":19},"end":{"line":120,"column":null}},"27":{"start":{"line":120,"column":36},"end":{"line":120,"column":43}},"28":{"start":{"line":121,"column":17},"end":{"line":121,"column":null}},"29":{"start":{"line":121,"column":41},"end":{"line":121,"column":48}},"30":{"start":{"line":122,"column":16},"end":{"line":124,"column":null}},"31":{"start":{"line":123,"column":30},"end":{"line":123,"column":51}},"32":{"start":{"line":127,"column":16},"end":{"line":127,"column":null}},"33":{"start":{"line":128,"column":23},"end":{"line":128,"column":null}},"34":{"start":{"line":131,"column":31},"end":{"line":131,"column":null}},"35":{"start":{"line":133,"column":21},"end":{"line":133,"column":null}},"36":{"start":{"line":136,"column":4},"end":{"line":136,"column":null}},"37":{"start":{"line":141,"column":4},"end":{"line":141,"column":null}},"38":{"start":{"line":146,"column":4},"end":{"line":146,"column":null}},"39":{"start":{"line":151,"column":4},"end":{"line":156,"column":null}}},"fnMap":{"0":{"name":"constructor","decl":{"start":{"line":40,"column":2},"end":{"line":40,"column":14}},"loc":{"start":{"line":40,"column":49},"end":{"line":45,"column":null}},"line":40},"1":{"name":"evaluate","decl":{"start":{"line":50,"column":2},"end":{"line":50,"column":11}},"loc":{"start":{"line":50,"column":44},"end":{"line":58,"column":null}},"line":50},"2":{"name":"gate","decl":{"start":{"line":64,"column":2},"end":{"line":64,"column":7}},"loc":{"start":{"line":67,"column":4},"end":{"line":111,"column":null}},"line":67},"3":{"name":"(anonymous_3)","decl":{"start":{"line":75,"column":20},"end":{"line":75,"column":28}},"loc":{"start":{"line":75,"column":37},"end":{"line":75,"column":50}},"line":75},"4":{"name":"(anonymous_4)","decl":{"start":{"line":89,"column":25},"end":{"line":89,"column":33}},"loc":{"start":{"line":89,"column":42},"end":{"line":89,"column":74}},"line":89},"5":{"name":"(anonymous_5)","decl":{"start":{"line":94,"column":9},"end":{"line":94,"column":17}},"loc":{"start":{"line":94,"column":26},"end":{"line":94,"column":57}},"line":94},"6":{"name":"(anonymous_6)","decl":{"start":{"line":95,"column":9},"end":{"line":95,"column":15}},"loc":{"start":{"line":95,"column":24},"end":{"line":95,"column":41}},"line":95},"7":{"name":"(anonymous_7)","decl":{"start":{"line":104,"column":16},"end":{"line":104,"column":24}},"loc":{"start":{"line":104,"column":33},"end":{"line":104,"column":46}},"line":104},"8":{"name":"computeAdaptiveThreshold","decl":{"start":{"line":117,"column":2},"end":{"line":117,"column":10}},"loc":{"start":{"line":117,"column":76},"end":{"line":137,"column":null}},"line":117},"9":{"name":"(anonymous_9)","decl":{"start":{"line":120,"column":25},"end":{"line":120,"column":30}},"loc":{"start":{"line":120,"column":36},"end":{"line":120,"column":43}},"line":120},"10":{"name":"(anonymous_10)","decl":{"start":{"line":121,"column":24},"end":{"line":121,"column":32}},"loc":{"start":{"line":121,"column":41},"end":{"line":121,"column":48}},"line":121},"11":{"name":"(anonymous_11)","decl":{"start":{"line":123,"column":13},"end":{"line":123,"column":21}},"loc":{"start":{"line":123,"column":30},"end":{"line":123,"column":51}},"line":123},"12":{"name":"setThreshold","decl":{"start":{"line":140,"column":2},"end":{"line":140,"column":15}},"loc":{"start":{"line":140,"column":32},"end":{"line":142,"column":null}},"line":140},"13":{"name":"setMode","decl":{"start":{"line":145,"column":2},"end":{"line":145,"column":10}},"loc":{"start":{"line":145,"column":35},"end":{"line":147,"column":null}},"line":145},"14":{"name":"getConfig","decl":{"start":{"line":150,"column":2},"end":{"line":150,"column":46}},"loc":{"start":{"line":150,"column":46},"end":{"line":157,"column":null}},"line":150}},"branchMap":{"0":{"loc":{"start":{"line":40,"column":14},"end":{"line":40,"column":49}},"type":"default-arg","locations":[{"start":{"line":40,"column":45},"end":{"line":40,"column":49}}],"line":40},"1":{"loc":{"start":{"line":41,"column":21},"end":{"line":41,"column":null}},"type":"binary-expr","locations":[{"start":{"line":41,"column":21},"end":{"line":41,"column":41}},{"start":{"line":41,"column":41},"end":{"line":41,"column":null}}],"line":41},"2":{"loc":{"start":{"line":42,"column":16},"end":{"line":42,"column":null}},"type":"binary-expr","locations":[{"start":{"line":42,"column":16},"end":{"line":42,"column":31}},{"start":{"line":42,"column":31},"end":{"line":42,"column":null}}],"line":42},"3":{"loc":{"start":{"line":43,"column":20},"end":{"line":43,"column":null}},"type":"binary-expr","locations":[{"start":{"line":43,"column":20},"end":{"line":43,"column":39}},{"start":{"line":43,"column":39},"end":{"line":43,"column":null}}],"line":43},"4":{"loc":{"start":{"line":44,"column":28},"end":{"line":44,"column":null}},"type":"binary-expr","locations":[{"start":{"line":44,"column":28},"end":{"line":44,"column":55}},{"start":{"line":44,"column":55},"end":{"line":44,"column":null}}],"line":44},"5":{"loc":{"start":{"line":51,"column":4},"end":{"line":53,"column":null}},"type":"if","locations":[{"start":{"line":51,"column":4},"end":{"line":53,"column":null}},{"start":{},"end":{}}],"line":51},"6":{"loc":{"start":{"line":68,"column":4},"end":{"line":81,"column":null}},"type":"if","locations":[{"start":{"line":68,"column":4},"end":{"line":81,"column":null}},{"start":{},"end":{}}],"line":68},"7":{"loc":{"start":{"line":74,"column":25},"end":{"line":76,"column":null}},"type":"cond-expr","locations":[{"start":{"line":75,"column":14},"end":{"line":75,"column":null}},{"start":{"line":76,"column":14},"end":{"line":76,"column":null}}],"line":74},"8":{"loc":{"start":{"line":85,"column":4},"end":{"line":87,"column":null}},"type":"if","locations":[{"start":{"line":85,"column":4},"end":{"line":87,"column":null}},{"start":{},"end":{}}],"line":85},"9":{"loc":{"start":{"line":92,"column":4},"end":{"line":98,"column":null}},"type":"if","locations":[{"start":{"line":92,"column":4},"end":{"line":98,"column":null}},{"start":{},"end":{}}],"line":92},"10":{"loc":{"start":{"line":92,"column":8},"end":{"line":92,"column":59}},"type":"binary-expr","locations":[{"start":{"line":92,"column":8},"end":{"line":92,"column":41}},{"start":{"line":92,"column":41},"end":{"line":92,"column":59}}],"line":92},"11":{"loc":{"start":{"line":103,"column":21},"end":{"line":105,"column":null}},"type":"cond-expr","locations":[{"start":{"line":104,"column":10},"end":{"line":104,"column":null}},{"start":{"line":105,"column":10},"end":{"line":105,"column":null}}],"line":103},"12":{"loc":{"start":{"line":106,"column":17},"end":{"line":106,"column":null}},"type":"cond-expr","locations":[{"start":{"line":106,"column":42},"end":{"line":106,"column":59}},{"start":{"line":106,"column":59},"end":{"line":106,"column":null}}],"line":106},"13":{"loc":{"start":{"line":118,"column":4},"end":{"line":118,"column":null}},"type":"if","locations":[{"start":{"line":118,"column":4},"end":{"line":118,"column":null}},{"start":{},"end":{}}],"line":118},"14":{"loc":{"start":{"line":128,"column":23},"end":{"line":128,"column":null}},"type":"cond-expr","locations":[{"start":{"line":128,"column":33},"end":{"line":128,"column":63}},{"start":{"line":128,"column":63},"end":{"line":128,"column":null}}],"line":128}},"s":{"0":0,"1":0,"2":0,"3":0,"4":0,"5":0,"6":0,"7":0,"8":0,"9":0,"10":0,"11":0,"12":0,"13":0,"14":0,"15":0,"16":0,"17":0,"18":0,"19":0,"20":0,"21":0,"22":0,"23":0,"24":0,"25":0,"26":0,"27":0,"28":0,"29":0,"30":0,"31":0,"32":0,"33":0,"34":0,"35":0,"36":0,"37":0,"38":0,"39":0},"f":{"0":0,"1":0,"2":0,"3":0,"4":0,"5":0,"6":0,"7":0,"8":0,"9":0,"10":0,"11":0,"12":0,"13":0,"14":0},"b":{"0":[0],"1":[0,0],"2":[0,0],"3":[0,0],"4":[0,0],"5":[0,0],"6":[0,0],"7":[0,0],"8":[0,0],"9":[0,0],"10":[0,0],"11":[0,0],"12":[0,0],"13":[0,0],"14":[0,0]},"meta":{"lastBranch":15,"lastFunction":15,"lastStatement":40,"seen":{"f:40:2:40:14":0,"b:40:45:40:49":0,"s:41:4:41:Infinity":0,"b:41:21:41:41:41:41:41:Infinity":1,"s:42:4:42:Infinity":1,"b:42:16:42:31:42:31:42:Infinity":2,"s:43:4:43:Infinity":2,"b:43:20:43:39:43:39:43:Infinity":3,"s:44:4:44:Infinity":3,"b:44:28:44:55:44:55:44:Infinity":4,"f:50:2:50:11":1,"b:51:4:53:Infinity:undefined:undefined:undefined:undefined":5,"s:51:4:53:Infinity":4,"s:52:6:52:Infinity":5,"s:54:4:57:Infinity":6,"f:64:2:64:7":2,"b:68:4:81:Infinity:undefined:undefined:undefined:undefined":6,"s:68:4:81:Infinity":7,"s:69:6:80:Infinity":8,"b:75:14:75:Infinity:76:14:76:Infinity":7,"f:75:20:75:28":3,"s:75:37:75:50":9,"s:83:29:83:Infinity":10,"b:85:4:87:Infinity:undefined:undefined:undefined:undefined":8,"s:85:4:87:Infinity":11,"s:86:6:86:Infinity":12,"s:89:19:89:Infinity":13,"f:89:25:89:33":4,"s:89:42:89:74":14,"b:92:4:98:Infinity:undefined:undefined:undefined:undefined":9,"s:92:4:98:Infinity":15,"b:92:8:92:41:92:41:92:59":10,"s:93:24:95:Infinity":16,"f:94:9:94:17":5,"s:94:26:94:57":17,"f:95:9:95:15":6,"s:95:24:95:41":18,"s:96:21:96:Infinity":19,"s:97:6:97:Infinity":20,"s:100:37:108:Infinity":21,"b:104:10:104:Infinity:105:10:105:Infinity":11,"f:104:16:104:24":7,"s:104:33:104:46":22,"b:106:42:106:59:106:59:106:Infinity":12,"s:110:4:110:Infinity":23,"f:117:2:117:10":8,"b:118:4:118:Infinity:undefined:undefined:undefined:undefined":13,"s:118:4:118:Infinity":24,"s:118:28:118:Infinity":25,"s:120:19:120:Infinity":26,"f:120:25:120:30":9,"s:120:36:120:43":27,"s:121:17:121:Infinity":28,"f:121:24:121:32":10,"s:121:41:121:48":29,"s:122:16:124:Infinity":30,"f:123:13:123:21":11,"s:123:30:123:51":31,"s:127:16:127:Infinity":32,"s:128:23:128:Infinity":33,"b:128:33:128:63:128:63:128:Infinity":14,"s:131:31:131:Infinity":34,"s:133:21:133:Infinity":35,"s:136:4:136:Infinity":36,"f:140:2:140:15":12,"s:141:4:141:Infinity":37,"f:145:2:145:10":13,"s:146:4:146:Infinity":38,"f:150:2:150:46":14,"s:151:4:156:Infinity":39}}}
,"/Users/liantian/workspace/osprojects/claw-ctx/src/cross_domain_injector.ts": {"path":"/Users/liantian/workspace/osprojects/claw-ctx/src/cross_domain_injector.ts","statementMap":{"0":{"start":{"line":47,"column":4},"end":{"line":47,"column":null}},"1":{"start":{"line":53,"column":38},"end":{"line":53,"column":null}},"2":{"start":{"line":62,"column":19},"end":{"line":64,"column":null}},"3":{"start":{"line":63,"column":13},"end":{"line":63,"column":null}},"4":{"start":{"line":67,"column":4},"end":{"line":73,"column":null}},"5":{"start":{"line":68,"column":20},"end":{"line":68,"column":null}},"6":{"start":{"line":69,"column":6},"end":{"line":72,"column":null}},"7":{"start":{"line":70,"column":23},"end":{"line":70,"column":null}},"8":{"start":{"line":71,"column":8},"end":{"line":71,"column":null}},"9":{"start":{"line":71,"column":42},"end":{"line":71,"column":63}},"10":{"start":{"line":76,"column":4},"end":{"line":76,"column":null}},"11":{"start":{"line":76,"column":28},"end":{"line":76,"column":57}},"12":{"start":{"line":78,"column":4},"end":{"line":78,"column":null}},"13":{"start":{"line":82,"column":4},"end":{"line":82,"column":null}},"14":{"start":{"line":86,"column":4},"end":{"line":86,"column":null}},"15":{"start":{"line":91,"column":16},"end":{"line":91,"column":null}},"16":{"start":{"line":92,"column":2},"end":{"line":92,"column":null}},"17":{"start":{"line":92,"column":14},"end":{"line":92,"column":null}},"18":{"start":{"line":93,"column":16},"end":{"line":93,"column":null}},"19":{"start":{"line":94,"column":2},"end":{"line":98,"column":null}},"20":{"start":{"line":95,"column":14},"end":{"line":95,"column":null}},"21":{"start":{"line":96,"column":14},"end":{"line":96,"column":null}},"22":{"start":{"line":97,"column":13},"end":{"line":97,"column":null}},"23":{"start":{"line":102,"column":10},"end":{"line":102,"column":null}},"24":{"start":{"line":103,"column":2},"end":{"line":105,"column":null}},"25":{"start":{"line":104,"column":4},"end":{"line":104,"column":null}},"26":{"start":{"line":106,"column":2},"end":{"line":106,"column":null}},"27":{"start":{"line":113,"column":4},"end":{"line":113,"column":null}},"28":{"start":{"line":120,"column":20},"end":{"line":126,"column":null}},"29":{"start":{"line":129,"column":4},"end":{"line":131,"column":null}},"30":{"start":{"line":130,"column":6},"end":{"line":130,"column":null}},"31":{"start":{"line":133,"column":24},"end":{"line":133,"column":null}},"32":{"start":{"line":133,"column":51},"end":{"line":133,"column":71}},"33":{"start":{"line":135,"column":4},"end":{"line":135,"column":null}},"34":{"start":{"line":143,"column":4},"end":{"line":143,"column":null}},"35":{"start":{"line":143,"column":30},"end":{"line":143,"column":null}},"36":{"start":{"line":145,"column":28},"end":{"line":145,"column":null}},"37":{"start":{"line":146,"column":4},"end":{"line":146,"column":null}},"38":{"start":{"line":148,"column":4},"end":{"line":156,"column":null}},"39":{"start":{"line":149,"column":12},"end":{"line":149,"column":null}},"40":{"start":{"line":150,"column":22},"end":{"line":150,"column":null}},"41":{"start":{"line":151,"column":6},"end":{"line":153,"column":null}},"42":{"start":{"line":154,"column":6},"end":{"line":154,"column":null}},"43":{"start":{"line":155,"column":6},"end":{"line":155,"column":null}},"44":{"start":{"line":158,"column":4},"end":{"line":158,"column":null}},"45":{"start":{"line":163,"column":4},"end":{"line":163,"column":null}},"46":{"start":{"line":169,"column":17},"end":{"line":169,"column":null}},"47":{"start":{"line":170,"column":18},"end":{"line":170,"column":null}},"48":{"start":{"line":171,"column":2},"end":{"line":171,"column":null}},"49":{"start":{"line":171,"column":20},"end":{"line":171,"column":null}},"50":{"start":{"line":172,"column":19},"end":{"line":172,"column":null}},"51":{"start":{"line":173,"column":2},"end":{"line":173,"column":null}},"52":{"start":{"line":173,"column":21},"end":{"line":173,"column":null}},"53":{"start":{"line":174,"column":18},"end":{"line":174,"column":null}},"54":{"start":{"line":175,"column":2},"end":{"line":175,"column":null}}},"fnMap":{"0":{"name":"detectCorrelation","decl":{"start":{"line":46,"column":8},"end":{"line":46,"column":55}},"loc":{"start":{"line":46,"column":55},"end":{"line":48,"column":null}},"line":46},"1":{"name":"detectCorrelation","decl":{"start":{"line":55,"column":8},"end":{"line":55,"column":26}},"loc":{"start":{"line":61,"column":32},"end":{"line":79,"column":null}},"line":61},"2":{"name":"(anonymous_2)","decl":{"start":{"line":62,"column":32},"end":{"line":62,"column":null}},"loc":{"start":{"line":63,"column":13},"end":{"line":63,"column":null}},"line":63},"3":{"name":"(anonymous_3)","decl":{"start":{"line":71,"column":28},"end":{"line":71,"column":36}},"loc":{"start":{"line":71,"column":42},"end":{"line":71,"column":63}},"line":71},"4":{"name":"(anonymous_4)","decl":{"start":{"line":76,"column":13},"end":{"line":76,"column":19}},"loc":{"start":{"line":76,"column":28},"end":{"line":76,"column":57}},"line":76},"5":{"name":"addSignal","decl":{"start":{"line":81,"column":2},"end":{"line":81,"column":12}},"loc":{"start":{"line":81,"column":42},"end":{"line":83,"column":null}},"line":81},"6":{"name":"clear","decl":{"start":{"line":85,"column":2},"end":{"line":85,"column":16}},"loc":{"start":{"line":85,"column":16},"end":{"line":87,"column":null}},"line":85},"7":{"name":"parseTimeRange","decl":{"start":{"line":90,"column":9},"end":{"line":90,"column":24}},"loc":{"start":{"line":90,"column":47},"end":{"line":99,"column":null}},"line":90},"8":{"name":"estimateTokens","decl":{"start":{"line":101,"column":9},"end":{"line":101,"column":24}},"loc":{"start":{"line":101,"column":46},"end":{"line":107,"column":null}},"line":101},"9":{"name":"constructor","decl":{"start":{"line":112,"column":2},"end":{"line":112,"column":14}},"loc":{"start":{"line":112,"column":46},"end":{"line":114,"column":null}},"line":112},"10":{"name":"inject","decl":{"start":{"line":119,"column":8},"end":{"line":119,"column":15}},"loc":{"start":{"line":119,"column":85},"end":{"line":136,"column":null}},"line":119},"11":{"name":"(anonymous_11)","decl":{"start":{"line":133,"column":32},"end":{"line":133,"column":40}},"loc":{"start":{"line":133,"column":51},"end":{"line":133,"column":71}},"line":133},"12":{"name":"formatForContext","decl":{"start":{"line":142,"column":2},"end":{"line":142,"column":19}},"loc":{"start":{"line":142,"column":54},"end":{"line":159,"column":null}},"line":142},"13":{"name":"setProvider","decl":{"start":{"line":162,"column":2},"end":{"line":162,"column":14}},"loc":{"start":{"line":162,"column":51},"end":{"line":164,"column":null}},"line":162},"14":{"name":"formatTimeAgo","decl":{"start":{"line":168,"column":9},"end":{"line":168,"column":23}},"loc":{"start":{"line":168,"column":43},"end":{"line":176,"column":null}},"line":168}},"branchMap":{"0":{"loc":{"start":{"line":67,"column":4},"end":{"line":73,"column":null}},"type":"if","locations":[{"start":{"line":67,"column":4},"end":{"line":73,"column":null}},{"start":{},"end":{}}],"line":67},"1":{"loc":{"start":{"line":69,"column":6},"end":{"line":72,"column":null}},"type":"if","locations":[{"start":{"line":69,"column":6},"end":{"line":72,"column":null}},{"start":{},"end":{}}],"line":69},"2":{"loc":{"start":{"line":78,"column":29},"end":{"line":78,"column":51}},"type":"binary-expr","locations":[{"start":{"line":78,"column":29},"end":{"line":78,"column":50}},{"start":{"line":78,"column":50},"end":{"line":78,"column":51}}],"line":78},"3":{"loc":{"start":{"line":92,"column":2},"end":{"line":92,"column":null}},"type":"if","locations":[{"start":{"line":92,"column":2},"end":{"line":92,"column":null}},{"start":{},"end":{}}],"line":92},"4":{"loc":{"start":{"line":94,"column":2},"end":{"line":98,"column":null}},"type":"switch","locations":[{"start":{"line":95,"column":4},"end":{"line":95,"column":null}},{"start":{"line":96,"column":4},"end":{"line":96,"column":null}},{"start":{"line":97,"column":4},"end":{"line":97,"column":null}}],"line":94},"5":{"loc":{"start":{"line":104,"column":9},"end":{"line":104,"column":null}},"type":"cond-expr","locations":[{"start":{"line":104,"column":51},"end":{"line":104,"column":55}},{"start":{"line":104,"column":55},"end":{"line":104,"column":null}}],"line":104},"6":{"loc":{"start":{"line":113,"column":20},"end":{"line":113,"column":null}},"type":"binary-expr","locations":[{"start":{"line":113,"column":20},"end":{"line":113,"column":32}},{"start":{"line":113,"column":32},"end":{"line":113,"column":null}}],"line":113},"7":{"loc":{"start":{"line":124,"column":17},"end":{"line":124,"column":null}},"type":"binary-expr","locations":[{"start":{"line":124,"column":17},"end":{"line":124,"column":37}},{"start":{"line":124,"column":37},"end":{"line":124,"column":null}}],"line":124},"8":{"loc":{"start":{"line":125,"column":18},"end":{"line":125,"column":null}},"type":"binary-expr","locations":[{"start":{"line":125,"column":18},"end":{"line":125,"column":39}},{"start":{"line":125,"column":39},"end":{"line":125,"column":null}}],"line":125},"9":{"loc":{"start":{"line":143,"column":4},"end":{"line":143,"column":null}},"type":"if","locations":[{"start":{"line":143,"column":4},"end":{"line":143,"column":null}},{"start":{},"end":{}}],"line":143},"10":{"loc":{"start":{"line":171,"column":2},"end":{"line":171,"column":null}},"type":"if","locations":[{"start":{"line":171,"column":2},"end":{"line":171,"column":null}},{"start":{},"end":{}}],"line":171},"11":{"loc":{"start":{"line":173,"column":2},"end":{"line":173,"column":null}},"type":"if","locations":[{"start":{"line":173,"column":2},"end":{"line":173,"column":null}},{"start":{},"end":{}}],"line":173}},"s":{"0":0,"1":0,"2":0,"3":0,"4":0,"5":0,"6":0,"7":0,"8":0,"9":0,"10":0,"11":0,"12":0,"13":0,"14":0,"15":0,"16":0,"17":0,"18":0,"19":0,"20":0,"21":0,"22":0,"23":0,"24":0,"25":0,"26":0,"27":0,"28":0,"29":0,"30":0,"31":0,"32":0,"33":0,"34":0,"35":0,"36":0,"37":0,"38":0,"39":0,"40":0,"41":0,"42":0,"43":0,"44":0,"45":0,"46":0,"47":0,"48":0,"49":0,"50":0,"51":0,"52":0,"53":0,"54":0},"f":{"0":0,"1":0,"2":0,"3":0,"4":0,"5":0,"6":0,"7":0,"8":0,"9":0,"10":0,"11":0,"12":0,"13":0,"14":0},"b":{"0":[0,0],"1":[0,0],"2":[0,0],"3":[0,0],"4":[0,0,0],"5":[0,0],"6":[0,0],"7":[0,0],"8":[0,0],"9":[0,0],"10":[0,0],"11":[0,0]},"meta":{"lastBranch":12,"lastFunction":15,"lastStatement":55,"seen":{"f:46:8:46:55":0,"s:47:4:47:Infinity":0,"s:53:38:53:Infinity":1,"f:55:8:55:26":1,"s:62:19:64:Infinity":2,"f:62:32:62:Infinity":2,"s:63:13:63:Infinity":3,"b:67:4:73:Infinity:undefined:undefined:undefined:undefined":0,"s:67:4:73:Infinity":4,"s:68:20:68:Infinity":5,"b:69:6:72:Infinity:undefined:undefined:undefined:undefined":1,"s:69:6:72:Infinity":6,"s:70:23:70:Infinity":7,"s:71:8:71:Infinity":8,"f:71:28:71:36":3,"s:71:42:71:63":9,"s:76:4:76:Infinity":10,"f:76:13:76:19":4,"s:76:28:76:57":11,"s:78:4:78:Infinity":12,"b:78:29:78:50:78:50:78:51":2,"f:81:2:81:12":5,"s:82:4:82:Infinity":13,"f:85:2:85:16":6,"s:86:4:86:Infinity":14,"f:90:9:90:24":7,"s:91:16:91:Infinity":15,"b:92:2:92:Infinity:undefined:undefined:undefined:undefined":3,"s:92:2:92:Infinity":16,"s:92:14:92:Infinity":17,"s:93:16:93:Infinity":18,"b:95:4:95:Infinity:96:4:96:Infinity:97:4:97:Infinity":4,"s:94:2:98:Infinity":19,"s:95:14:95:Infinity":20,"s:96:14:96:Infinity":21,"s:97:13:97:Infinity":22,"f:101:9:101:24":8,"s:102:10:102:Infinity":23,"s:103:2:105:Infinity":24,"s:104:4:104:Infinity":25,"b:104:51:104:55:104:55:104:Infinity":5,"s:106:2:106:Infinity":26,"f:112:2:112:14":9,"s:113:4:113:Infinity":27,"b:113:20:113:32:113:32:113:Infinity":6,"f:119:8:119:15":10,"s:120:20:126:Infinity":28,"b:124:17:124:37:124:37:124:Infinity":7,"b:125:18:125:39:125:39:125:Infinity":8,"s:129:4:131:Infinity":29,"s:130:6:130:Infinity":30,"s:133:24:133:Infinity":31,"f:133:32:133:40":11,"s:133:51:133:71":32,"s:135:4:135:Infinity":33,"f:142:2:142:19":12,"b:143:4:143:Infinity:undefined:undefined:undefined:undefined":9,"s:143:4:143:Infinity":34,"s:143:30:143:Infinity":35,"s:145:28:145:Infinity":36,"s:146:4:146:Infinity":37,"s:148:4:156:Infinity":38,"s:149:12:149:Infinity":39,"s:150:22:150:Infinity":40,"s:151:6:153:Infinity":41,"s:154:6:154:Infinity":42,"s:155:6:155:Infinity":43,"s:158:4:158:Infinity":44,"f:162:2:162:14":13,"s:163:4:163:Infinity":45,"f:168:9:168:23":14,"s:169:17:169:Infinity":46,"s:170:18:170:Infinity":47,"b:171:2:171:Infinity:undefined:undefined:undefined:undefined":10,"s:171:2:171:Infinity":48,"s:171:20:171:Infinity":49,"s:172:19:172:Infinity":50,"b:173:2:173:Infinity:undefined:undefined:undefined:undefined":11,"s:173:2:173:Infinity":51,"s:173:21:173:Infinity":52,"s:174:18:174:Infinity":53,"s:175:2:175:Infinity":54}}}
,"/Users/liantian/workspace/osprojects/claw-ctx/src/drift-budget-linker.ts": {"path":"/Users/liantian/workspace/osprojects/claw-ctx/src/drift-budget-linker.ts","statementMap":{"0":{"start":{"line":24,"column":62},"end":{"line":28,"column":null}},"1":{"start":{"line":48,"column":4},"end":{"line":48,"column":null}},"2":{"start":{"line":49,"column":4},"end":{"line":49,"column":null}},"3":{"start":{"line":60,"column":18},"end":{"line":60,"column":null}},"4":{"start":{"line":62,"column":38},"end":{"line":70,"column":null}},"5":{"start":{"line":72,"column":4},"end":{"line":74,"column":null}},"6":{"start":{"line":73,"column":6},"end":{"line":73,"column":null}},"7":{"start":{"line":76,"column":27},"end":{"line":76,"column":null}},"8":{"start":{"line":77,"column":27},"end":{"line":77,"column":null}},"9":{"start":{"line":78,"column":27},"end":{"line":78,"column":null}},"10":{"start":{"line":79,"column":25},"end":{"line":79,"column":null}},"11":{"start":{"line":81,"column":4},"end":{"line":89,"column":null}},"12":{"start":{"line":93,"column":4},"end":{"line":93,"column":null}},"13":{"start":{"line":97,"column":4},"end":{"line":97,"column":null}},"14":{"start":{"line":101,"column":4},"end":{"line":101,"column":null}},"15":{"start":{"line":101,"column":30},"end":{"line":101,"column":null}},"16":{"start":{"line":102,"column":4},"end":{"line":102,"column":null}},"17":{"start":{"line":106,"column":4},"end":{"line":106,"column":null}},"18":{"start":{"line":110,"column":4},"end":{"line":110,"column":null}}},"fnMap":{"0":{"name":"constructor","decl":{"start":{"line":47,"column":2},"end":{"line":47,"column":14}},"loc":{"start":{"line":47,"column":81},"end":{"line":50,"column":null}},"line":47},"1":{"name":"adjustBudget","decl":{"start":{"line":56,"column":2},"end":{"line":56,"column":null}},"loc":{"start":{"line":59,"column":22},"end":{"line":90,"column":null}},"line":59},"2":{"name":"isEnabled","decl":{"start":{"line":92,"column":2},"end":{"line":92,"column":23}},"loc":{"start":{"line":92,"column":23},"end":{"line":94,"column":null}},"line":92},"3":{"name":"setEnabled","decl":{"start":{"line":96,"column":2},"end":{"line":96,"column":13}},"loc":{"start":{"line":96,"column":37},"end":{"line":98,"column":null}},"line":96},"4":{"name":"shouldAdjust","decl":{"start":{"line":100,"column":2},"end":{"line":100,"column":26}},"loc":{"start":{"line":100,"column":26},"end":{"line":103,"column":null}},"line":100},"5":{"name":"updateConfig","decl":{"start":{"line":105,"column":2},"end":{"line":105,"column":15}},"loc":{"start":{"line":105,"column":57},"end":{"line":107,"column":null}},"line":105},"6":{"name":"getConfig","decl":{"start":{"line":109,"column":2},"end":{"line":109,"column":33}},"loc":{"start":{"line":109,"column":33},"end":{"line":111,"column":null}},"line":109}},"branchMap":{"0":{"loc":{"start":{"line":60,"column":18},"end":{"line":60,"column":null}},"type":"binary-expr","locations":[{"start":{"line":60,"column":18},"end":{"line":60,"column":32}},{"start":{"line":60,"column":32},"end":{"line":60,"column":null}}],"line":60},"1":{"loc":{"start":{"line":63,"column":20},"end":{"line":63,"column":null}},"type":"binary-expr","locations":[{"start":{"line":63,"column":20},"end":{"line":63,"column":56}},{"start":{"line":63,"column":56},"end":{"line":63,"column":null}}],"line":63},"2":{"loc":{"start":{"line":64,"column":20},"end":{"line":64,"column":null}},"type":"binary-expr","locations":[{"start":{"line":64,"column":20},"end":{"line":64,"column":56}},{"start":{"line":64,"column":56},"end":{"line":64,"column":null}}],"line":64},"3":{"loc":{"start":{"line":65,"column":11},"end":{"line":65,"column":null}},"type":"binary-expr","locations":[{"start":{"line":65,"column":11},"end":{"line":65,"column":38}},{"start":{"line":65,"column":38},"end":{"line":65,"column":null}}],"line":65},"4":{"loc":{"start":{"line":66,"column":15},"end":{"line":66,"column":null}},"type":"binary-expr","locations":[{"start":{"line":66,"column":15},"end":{"line":66,"column":46}},{"start":{"line":66,"column":46},"end":{"line":66,"column":null}}],"line":66},"5":{"loc":{"start":{"line":67,"column":14},"end":{"line":67,"column":null}},"type":"binary-expr","locations":[{"start":{"line":67,"column":14},"end":{"line":67,"column":51}},{"start":{"line":67,"column":51},"end":{"line":67,"column":81}},{"start":{"line":67,"column":81},"end":{"line":67,"column":null}}],"line":67},"6":{"loc":{"start":{"line":72,"column":4},"end":{"line":74,"column":null}},"type":"if","locations":[{"start":{"line":72,"column":4},"end":{"line":74,"column":null}},{"start":{},"end":{}}],"line":72},"7":{"loc":{"start":{"line":72,"column":8},"end":{"line":72,"column":69}},"type":"binary-expr","locations":[{"start":{"line":72,"column":8},"end":{"line":72,"column":32}},{"start":{"line":72,"column":32},"end":{"line":72,"column":69}}],"line":72},"8":{"loc":{"start":{"line":101,"column":4},"end":{"line":101,"column":null}},"type":"if","locations":[{"start":{"line":101,"column":4},"end":{"line":101,"column":null}},{"start":{},"end":{}}],"line":101}},"s":{"0":0,"1":0,"2":0,"3":0,"4":0,"5":0,"6":0,"7":0,"8":0,"9":0,"10":0,"11":0,"12":0,"13":0,"14":0,"15":0,"16":0,"17":0,"18":0},"f":{"0":0,"1":0,"2":0,"3":0,"4":0,"5":0,"6":0},"b":{"0":[0,0],"1":[0,0],"2":[0,0],"3":[0,0],"4":[0,0],"5":[0,0,0],"6":[0,0],"7":[0,0],"8":[0,0]},"meta":{"lastBranch":9,"lastFunction":7,"lastStatement":19,"seen":{"s:24:62:28:Infinity":0,"f:47:2:47:14":0,"s:48:4:48:Infinity":1,"s:49:4:49:Infinity":2,"f:56:2:56:Infinity":1,"s:60:18:60:Infinity":3,"b:60:18:60:32:60:32:60:Infinity":0,"s:62:38:70:Infinity":4,"b:63:20:63:56:63:56:63:Infinity":1,"b:64:20:64:56:64:56:64:Infinity":2,"b:65:11:65:38:65:38:65:Infinity":3,"b:66:15:66:46:66:46:66:Infinity":4,"b:67:14:67:51:67:51:67:81:67:81:67:Infinity":5,"b:72:4:74:Infinity:undefined:undefined:undefined:undefined":6,"s:72:4:74:Infinity":5,"b:72:8:72:32:72:32:72:69":7,"s:73:6:73:Infinity":6,"s:76:27:76:Infinity":7,"s:77:27:77:Infinity":8,"s:78:27:78:Infinity":9,"s:79:25:79:Infinity":10,"s:81:4:89:Infinity":11,"f:92:2:92:23":2,"s:93:4:93:Infinity":12,"f:96:2:96:13":3,"s:97:4:97:Infinity":13,"f:100:2:100:26":4,"b:101:4:101:Infinity:undefined:undefined:undefined:undefined":8,"s:101:4:101:Infinity":14,"s:101:30:101:Infinity":15,"s:102:4:102:Infinity":16,"f:105:2:105:15":5,"s:106:4:106:Infinity":17,"f:109:2:109:33":6,"s:110:4:110:Infinity":18}}}
,"/Users/liantian/workspace/osprojects/claw-ctx/src/drift-detector.ts": {"path":"/Users/liantian/workspace/osprojects/claw-ctx/src/drift-detector.ts","statementMap":{"0":{"start":{"line":75,"column":49},"end":{"line":84,"column":null}},"1":{"start":{"line":94,"column":39},"end":{"line":112,"column":null}},"2":{"start":{"line":115,"column":42},"end":{"line":126,"column":null}},"3":{"start":{"line":133,"column":23},"end":{"line":133,"column":null}},"4":{"start":{"line":134,"column":26},"end":{"line":134,"column":null}},"5":{"start":{"line":136,"column":4},"end":{"line":151,"column":null}},"6":{"start":{"line":137,"column":19},"end":{"line":137,"column":null}},"7":{"start":{"line":139,"column":20},"end":{"line":139,"column":null}},"8":{"start":{"line":142,"column":24},"end":{"line":142,"column":null}},"9":{"start":{"line":143,"column":6},"end":{"line":150,"column":null}},"10":{"start":{"line":144,"column":8},"end":{"line":144,"column":null}},"11":{"start":{"line":144,"column":45},"end":{"line":144,"column":null}},"12":{"start":{"line":145,"column":8},"end":{"line":145,"column":null}},"13":{"start":{"line":145,"column":68},"end":{"line":145,"column":null}},"14":{"start":{"line":146,"column":8},"end":{"line":149,"column":null}},"15":{"start":{"line":147,"column":10},"end":{"line":147,"column":null}},"16":{"start":{"line":148,"column":10},"end":{"line":148,"column":null}},"17":{"start":{"line":154,"column":28},"end":{"line":154,"column":null}},"18":{"start":{"line":155,"column":4},"end":{"line":168,"column":null}},"19":{"start":{"line":157,"column":19},"end":{"line":157,"column":null}},"20":{"start":{"line":160,"column":6},"end":{"line":162,"column":null}},"21":{"start":{"line":161,"column":8},"end":{"line":161,"column":null}},"22":{"start":{"line":165,"column":6},"end":{"line":165,"column":null}},"23":{"start":{"line":167,"column":6},"end":{"line":167,"column":null}},"24":{"start":{"line":171,"column":4},"end":{"line":171,"column":null}},"25":{"start":{"line":171,"column":33},"end":{"line":171,"column":52}},"26":{"start":{"line":189,"column":4},"end":{"line":195,"column":null}},"27":{"start":{"line":190,"column":6},"end":{"line":193,"column":null}},"28":{"start":{"line":191,"column":21},"end":{"line":191,"column":null}},"29":{"start":{"line":192,"column":8},"end":{"line":192,"column":null}},"30":{"start":{"line":194,"column":6},"end":{"line":194,"column":null}},"31":{"start":{"line":197,"column":20},"end":{"line":197,"column":null}},"32":{"start":{"line":198,"column":20},"end":{"line":198,"column":null}},"33":{"start":{"line":200,"column":4},"end":{"line":200,"column":null}},"34":{"start":{"line":200,"column":54},"end":{"line":200,"column":null}},"35":{"start":{"line":201,"column":4},"end":{"line":201,"column":null}},"36":{"start":{"line":201,"column":54},"end":{"line":201,"column":null}},"37":{"start":{"line":203,"column":17},"end":{"line":203,"column":null}},"38":{"start":{"line":203,"column":44},"end":{"line":203,"column":65}},"39":{"start":{"line":204,"column":17},"end":{"line":204,"column":null}},"40":{"start":{"line":204,"column":44},"end":{"line":204,"column":65}},"41":{"start":{"line":206,"column":24},"end":{"line":206,"column":null}},"42":{"start":{"line":207,"column":21},"end":{"line":207,"column":null}},"43":{"start":{"line":208,"column":15},"end":{"line":208,"column":null}},"44":{"start":{"line":209,"column":15},"end":{"line":209,"column":null}},"45":{"start":{"line":211,"column":4},"end":{"line":217,"column":null}},"46":{"start":{"line":212,"column":17},"end":{"line":212,"column":null}},"47":{"start":{"line":213,"column":17},"end":{"line":213,"column":null}},"48":{"start":{"line":214,"column":6},"end":{"line":214,"column":null}},"49":{"start":{"line":215,"column":6},"end":{"line":215,"column":null}},"50":{"start":{"line":216,"column":6},"end":{"line":216,"column":null}},"51":{"start":{"line":219,"column":22},"end":{"line":219,"column":null}},"52":{"start":{"line":220,"column":4},"end":{"line":220,"column":null}},"53":{"start":{"line":220,"column":25},"end":{"line":220,"column":null}},"54":{"start":{"line":222,"column":4},"end":{"line":222,"column":null}},"55":{"start":{"line":230,"column":4},"end":{"line":230,"column":null}},"56":{"start":{"line":230,"column":29},"end":{"line":230,"column":null}},"57":{"start":{"line":231,"column":18},"end":{"line":231,"column":null}},"58":{"start":{"line":231,"column":36},"end":{"line":231,"column":45}},"59":{"start":{"line":232,"column":4},"end":{"line":232,"column":null}},"60":{"start":{"line":232,"column":29},"end":{"line":232,"column":78}},"61":{"start":{"line":232,"column":48},"end":{"line":232,"column":64}},"62":{"start":{"line":241,"column":36},"end":{"line":241,"column":null}},"63":{"start":{"line":243,"column":34},"end":{"line":243,"column":null}},"64":{"start":{"line":245,"column":30},"end":{"line":245,"column":null}},"65":{"start":{"line":247,"column":33},"end":{"line":247,"column":null}},"66":{"start":{"line":249,"column":22},"end":{"line":249,"column":null}},"67":{"start":{"line":251,"column":26},"end":{"line":251,"column":null}},"68":{"start":{"line":254,"column":4},"end":{"line":254,"column":null}},"69":{"start":{"line":262,"column":4},"end":{"line":262,"column":null}},"70":{"start":{"line":263,"column":4},"end":{"line":263,"column":null}},"71":{"start":{"line":266,"column":4},"end":{"line":268,"column":null}},"72":{"start":{"line":267,"column":6},"end":{"line":267,"column":null}},"73":{"start":{"line":270,"column":22},"end":{"line":270,"column":null}},"74":{"start":{"line":271,"column":36},"end":{"line":271,"column":null}},"75":{"start":{"line":273,"column":4},"end":{"line":273,"column":null}},"76":{"start":{"line":276,"column":23},"end":{"line":276,"column":null}},"77":{"start":{"line":277,"column":4},"end":{"line":279,"column":null}},"78":{"start":{"line":278,"column":6},"end":{"line":278,"column":null}},"79":{"start":{"line":282,"column":4},"end":{"line":284,"column":null}},"80":{"start":{"line":283,"column":6},"end":{"line":283,"column":null}},"81":{"start":{"line":287,"column":20},"end":{"line":287,"column":null}},"82":{"start":{"line":288,"column":21},"end":{"line":288,"column":null}},"83":{"start":{"line":289,"column":23},"end":{"line":289,"column":null}},"84":{"start":{"line":290,"column":23},"end":{"line":290,"column":null}},"85":{"start":{"line":292,"column":4},"end":{"line":292,"column":null}},"86":{"start":{"line":294,"column":4},"end":{"line":296,"column":null}},"87":{"start":{"line":295,"column":6},"end":{"line":295,"column":null}},"88":{"start":{"line":299,"column":4},"end":{"line":303,"column":null}},"89":{"start":{"line":300,"column":6},"end":{"line":300,"column":null}},"90":{"start":{"line":302,"column":6},"end":{"line":302,"column":null}},"91":{"start":{"line":306,"column":4},"end":{"line":336,"column":null}},"92":{"start":{"line":311,"column":26},"end":{"line":311,"column":null}},"93":{"start":{"line":312,"column":23},"end":{"line":312,"column":null}},"94":{"start":{"line":315,"column":39},"end":{"line":315,"column":null}},"95":{"start":{"line":316,"column":6},"end":{"line":320,"column":null}},"96":{"start":{"line":317,"column":8},"end":{"line":317,"column":null}},"97":{"start":{"line":318,"column":13},"end":{"line":320,"column":null}},"98":{"start":{"line":319,"column":8},"end":{"line":319,"column":null}},"99":{"start":{"line":322,"column":32},"end":{"line":329,"column":null}},"100":{"start":{"line":331,"column":6},"end":{"line":331,"column":null}},"101":{"start":{"line":332,"column":6},"end":{"line":332,"column":null}},"102":{"start":{"line":335,"column":6},"end":{"line":335,"column":null}},"103":{"start":{"line":338,"column":4},"end":{"line":338,"column":null}},"104":{"start":{"line":346,"column":19},"end":{"line":346,"column":null}},"105":{"start":{"line":347,"column":4},"end":{"line":347,"column":null}},"106":{"start":{"line":347,"column":29},"end":{"line":347,"column":null}},"107":{"start":{"line":348,"column":4},"end":{"line":348,"column":null}},"108":{"start":{"line":348,"column":37},"end":{"line":348,"column":46}},"109":{"start":{"line":355,"column":4},"end":{"line":355,"column":null}},"110":{"start":{"line":362,"column":4},"end":{"line":362,"column":null}},"111":{"start":{"line":380,"column":19},"end":{"line":380,"column":null}},"112":{"start":{"line":382,"column":4},"end":{"line":395,"column":null}},"113":{"start":{"line":383,"column":26},"end":{"line":383,"column":null}},"114":{"start":{"line":384,"column":27},"end":{"line":384,"column":null}},"115":{"start":{"line":385,"column":38},"end":{"line":385,"column":null}},"116":{"start":{"line":388,"column":6},"end":{"line":392,"column":null}},"117":{"start":{"line":388,"column":19},"end":{"line":388,"column":22}},"118":{"start":{"line":389,"column":21},"end":{"line":389,"column":null}},"119":{"start":{"line":390,"column":23},"end":{"line":390,"column":null}},"120":{"start":{"line":391,"column":8},"end":{"line":391,"column":null}},"121":{"start":{"line":394,"column":6},"end":{"line":394,"column":null}},"122":{"start":{"line":398,"column":27},"end":{"line":398,"column":null}},"123":{"start":{"line":399,"column":4},"end":{"line":409,"column":null}},"124":{"start":{"line":400,"column":6},"end":{"line":408,"column":null}},"125":{"start":{"line":411,"column":25},"end":{"line":411,"column":null}},"126":{"start":{"line":412,"column":4},"end":{"line":414,"column":null}},"127":{"start":{"line":413,"column":6},"end":{"line":413,"column":null}},"128":{"start":{"line":416,"column":26},"end":{"line":418,"column":null}},"129":{"start":{"line":419,"column":27},"end":{"line":421,"column":null}},"130":{"start":{"line":423,"column":19},"end":{"line":423,"column":null}},"131":{"start":{"line":425,"column":4},"end":{"line":433,"column":null}},"132":{"start":{"line":429,"column":69},"end":{"line":429,"column":104}},"133":{"start":{"line":440,"column":18},"end":{"line":440,"column":null}},"134":{"start":{"line":441,"column":30},"end":{"line":441,"column":null}},"135":{"start":{"line":443,"column":4},"end":{"line":471,"column":null}},"136":{"start":{"line":444,"column":6},"end":{"line":448,"column":null}},"137":{"start":{"line":449,"column":6},"end":{"line":453,"column":null}},"138":{"start":{"line":454,"column":11},"end":{"line":471,"column":null}},"139":{"start":{"line":455,"column":6},"end":{"line":459,"column":null}},"140":{"start":{"line":460,"column":6},"end":{"line":464,"column":null}},"141":{"start":{"line":465,"column":11},"end":{"line":471,"column":null}},"142":{"start":{"line":466,"column":6},"end":{"line":470,"column":null}},"143":{"start":{"line":474,"column":4},"end":{"line":480,"column":null}},"144":{"start":{"line":475,"column":6},"end":{"line":479,"column":null}},"145":{"start":{"line":482,"column":4},"end":{"line":482,"column":null}},"146":{"start":{"line":489,"column":4},"end":{"line":489,"column":null}},"147":{"start":{"line":490,"column":4},"end":{"line":490,"column":null}},"148":{"start":{"line":491,"column":4},"end":{"line":491,"column":null}},"149":{"start":{"line":492,"column":4},"end":{"line":492,"column":null}},"150":{"start":{"line":493,"column":4},"end":{"line":493,"column":null}},"151":{"start":{"line":494,"column":4},"end":{"line":494,"column":null}},"152":{"start":{"line":501,"column":4},"end":{"line":501,"column":null}},"153":{"start":{"line":508,"column":4},"end":{"line":508,"column":null}}},"fnMap":{"0":{"name":"extractTopics","decl":{"start":{"line":132,"column":9},"end":{"line":132,"column":23}},"loc":{"start":{"line":132,"column":85},"end":{"line":172,"column":null}},"line":132},"1":{"name":"(anonymous_1)","decl":{"start":{"line":171,"column":18},"end":{"line":171,"column":24}},"loc":{"start":{"line":171,"column":33},"end":{"line":171,"column":52}},"line":171},"2":{"name":"computeSimilarity","decl":{"start":{"line":184,"column":9},"end":{"line":184,"column":null}},"loc":{"start":{"line":187,"column":12},"end":{"line":223,"column":null}},"line":187},"3":{"name":"(anonymous_3)","decl":{"start":{"line":203,"column":33},"end":{"line":203,"column":38}},"loc":{"start":{"line":203,"column":44},"end":{"line":203,"column":65}},"line":203},"4":{"name":"(anonymous_4)","decl":{"start":{"line":204,"column":33},"end":{"line":204,"column":38}},"loc":{"start":{"line":204,"column":44},"end":{"line":204,"column":65}},"line":204},"5":{"name":"getEmbedding","decl":{"start":{"line":229,"column":9},"end":{"line":229,"column":22}},"loc":{"start":{"line":229,"column":49},"end":{"line":233,"column":null}},"line":229},"6":{"name":"(anonymous_6)","decl":{"start":{"line":231,"column":25},"end":{"line":231,"column":30}},"loc":{"start":{"line":231,"column":36},"end":{"line":231,"column":45}},"line":231},"7":{"name":"(anonymous_7)","decl":{"start":{"line":232,"column":17},"end":{"line":232,"column":22}},"loc":{"start":{"line":232,"column":29},"end":{"line":232,"column":78}},"line":232},"8":{"name":"(anonymous_8)","decl":{"start":{"line":232,"column":36},"end":{"line":232,"column":42}},"loc":{"start":{"line":232,"column":48},"end":{"line":232,"column":64}},"line":232},"9":{"name":"constructor","decl":{"start":{"line":253,"column":2},"end":{"line":253,"column":14}},"loc":{"start":{"line":253,"column":49},"end":{"line":255,"column":null}},"line":253},"10":{"name":"feedTurn","decl":{"start":{"line":261,"column":2},"end":{"line":261,"column":11}},"loc":{"start":{"line":261,"column":78},"end":{"line":339,"column":null}},"line":261},"11":{"name":"getDriftScore","decl":{"start":{"line":345,"column":2},"end":{"line":345,"column":26}},"loc":{"start":{"line":345,"column":26},"end":{"line":349,"column":null}},"line":345},"12":{"name":"(anonymous_12)","decl":{"start":{"line":348,"column":18},"end":{"line":348,"column":26}},"loc":{"start":{"line":348,"column":37},"end":{"line":348,"column":46}},"line":348},"13":{"name":"getDriftScores","decl":{"start":{"line":354,"column":2},"end":{"line":354,"column":29}},"loc":{"start":{"line":354,"column":29},"end":{"line":356,"column":null}},"line":354},"14":{"name":"getAlerts","decl":{"start":{"line":361,"column":2},"end":{"line":361,"column":28}},"loc":{"start":{"line":361,"column":28},"end":{"line":363,"column":null}},"line":361},"15":{"name":"detectDrift","decl":{"start":{"line":375,"column":2},"end":{"line":375,"column":null}},"loc":{"start":{"line":378,"column":32},"end":{"line":434,"column":null}},"line":378},"16":{"name":"(anonymous_16)","decl":{"start":{"line":429,"column":55},"end":{"line":429,"column":63}},"loc":{"start":{"line":429,"column":69},"end":{"line":429,"column":104}},"line":429},"17":{"name":"suggestActions","decl":{"start":{"line":439,"column":2},"end":{"line":439,"column":29}},"loc":{"start":{"line":439,"column":29},"end":{"line":483,"column":null}},"line":439},"18":{"name":"reset","decl":{"start":{"line":488,"column":2},"end":{"line":488,"column":16}},"loc":{"start":{"line":488,"column":16},"end":{"line":495,"column":null}},"line":488},"19":{"name":"updateConfig","decl":{"start":{"line":500,"column":2},"end":{"line":500,"column":15}},"loc":{"start":{"line":500,"column":51},"end":{"line":502,"column":null}},"line":500},"20":{"name":"getConfig","decl":{"start":{"line":507,"column":2},"end":{"line":507,"column":27}},"loc":{"start":{"line":507,"column":27},"end":{"line":509,"column":null}},"line":507}},"branchMap":{"0":{"loc":{"start":{"line":137,"column":19},"end":{"line":137,"column":null}},"type":"cond-expr","locations":[{"start":{"line":137,"column":53},"end":{"line":137,"column":81}},{"start":{"line":137,"column":81},"end":{"line":137,"column":null}}],"line":137},"1":{"loc":{"start":{"line":139,"column":20},"end":{"line":139,"column":null}},"type":"binary-expr","locations":[{"start":{"line":139,"column":20},"end":{"line":139,"column":65}},{"start":{"line":139,"column":65},"end":{"line":139,"column":null}}],"line":139},"2":{"loc":{"start":{"line":144,"column":8},"end":{"line":144,"column":null}},"type":"if","locations":[{"start":{"line":144,"column":8},"end":{"line":144,"column":null}},{"start":{},"end":{}}],"line":144},"3":{"loc":{"start":{"line":145,"column":8},"end":{"line":145,"column":null}},"type":"if","locations":[{"start":{"line":145,"column":8},"end":{"line":145,"column":null}},{"start":{},"end":{}}],"line":145},"4":{"loc":{"start":{"line":145,"column":12},"end":{"line":145,"column":68}},"type":"binary-expr","locations":[{"start":{"line":145,"column":12},"end":{"line":145,"column":31}},{"start":{"line":145,"column":31},"end":{"line":145,"column":68}}],"line":145},"5":{"loc":{"start":{"line":146,"column":8},"end":{"line":149,"column":null}},"type":"if","locations":[{"start":{"line":146,"column":8},"end":{"line":149,"column":null}},{"start":{},"end":{}}],"line":146},"6":{"loc":{"start":{"line":148,"column":32},"end":{"line":148,"column":61}},"type":"binary-expr","locations":[{"start":{"line":148,"column":32},"end":{"line":148,"column":56}},{"start":{"line":148,"column":56},"end":{"line":148,"column":61}}],"line":148},"7":{"loc":{"start":{"line":160,"column":6},"end":{"line":162,"column":null}},"type":"if","locations":[{"start":{"line":160,"column":6},"end":{"line":162,"column":null}},{"start":{},"end":{}}],"line":160},"8":{"loc":{"start":{"line":189,"column":4},"end":{"line":195,"column":null}},"type":"if","locations":[{"start":{"line":189,"column":4},"end":{"line":195,"column":null}},{"start":{},"end":{}}],"line":189},"9":{"loc":{"start":{"line":189,"column":8},"end":{"line":189,"column":48}},"type":"binary-expr","locations":[{"start":{"line":189,"column":8},"end":{"line":189,"column":29}},{"start":{"line":189,"column":29},"end":{"line":189,"column":48}}],"line":189},"10":{"loc":{"start":{"line":190,"column":6},"end":{"line":193,"column":null}},"type":"if","locations":[{"start":{"line":190,"column":6},"end":{"line":193,"column":null}},{"start":{},"end":{}}],"line":190},"11":{"loc":{"start":{"line":197,"column":20},"end":{"line":197,"column":null}},"type":"cond-expr","locations":[{"start":{"line":197,"column":39},"end":{"line":197,"column":43}},{"start":{"line":197,"column":43},"end":{"line":197,"column":null}}],"line":197},"12":{"loc":{"start":{"line":198,"column":20},"end":{"line":198,"column":null}},"type":"cond-expr","locations":[{"start":{"line":198,"column":39},"end":{"line":198,"column":43}},{"start":{"line":198,"column":43},"end":{"line":198,"column":null}}],"line":198},"13":{"loc":{"start":{"line":200,"column":4},"end":{"line":200,"column":null}},"type":"if","locations":[{"start":{"line":200,"column":4},"end":{"line":200,"column":null}},{"start":{},"end":{}}],"line":200},"14":{"loc":{"start":{"line":200,"column":8},"end":{"line":200,"column":54}},"type":"binary-expr","locations":[{"start":{"line":200,"column":8},"end":{"line":200,"column":32}},{"start":{"line":200,"column":32},"end":{"line":200,"column":54}}],"line":200},"15":{"loc":{"start":{"line":201,"column":4},"end":{"line":201,"column":null}},"type":"if","locations":[{"start":{"line":201,"column":4},"end":{"line":201,"column":null}},{"start":{},"end":{}}],"line":201},"16":{"loc":{"start":{"line":201,"column":8},"end":{"line":201,"column":54}},"type":"binary-expr","locations":[{"start":{"line":201,"column":8},"end":{"line":201,"column":32}},{"start":{"line":201,"column":32},"end":{"line":201,"column":54}}],"line":201},"17":{"loc":{"start":{"line":212,"column":17},"end":{"line":212,"column":null}},"type":"binary-expr","locations":[{"start":{"line":212,"column":17},"end":{"line":212,"column":33}},{"start":{"line":212,"column":33},"end":{"line":212,"column":null}}],"line":212},"18":{"loc":{"start":{"line":213,"column":17},"end":{"line":213,"column":null}},"type":"binary-expr","locations":[{"start":{"line":213,"column":17},"end":{"line":213,"column":33}},{"start":{"line":213,"column":33},"end":{"line":213,"column":null}}],"line":213},"19":{"loc":{"start":{"line":220,"column":4},"end":{"line":220,"column":null}},"type":"if","locations":[{"start":{"line":220,"column":4},"end":{"line":220,"column":null}},{"start":{},"end":{}}],"line":220},"20":{"loc":{"start":{"line":230,"column":4},"end":{"line":230,"column":null}},"type":"if","locations":[{"start":{"line":230,"column":4},"end":{"line":230,"column":null}},{"start":{},"end":{}}],"line":230},"21":{"loc":{"start":{"line":232,"column":29},"end":{"line":232,"column":78}},"type":"binary-expr","locations":[{"start":{"line":232,"column":29},"end":{"line":232,"column":77}},{"start":{"line":232,"column":77},"end":{"line":232,"column":78}}],"line":232},"22":{"loc":{"start":{"line":253,"column":14},"end":{"line":253,"column":49}},"type":"default-arg","locations":[{"start":{"line":253,"column":45},"end":{"line":253,"column":49}}],"line":253},"23":{"loc":{"start":{"line":266,"column":4},"end":{"line":268,"column":null}},"type":"if","locations":[{"start":{"line":266,"column":4},"end":{"line":268,"column":null}},{"start":{},"end":{}}],"line":266},"24":{"loc":{"start":{"line":282,"column":4},"end":{"line":284,"column":null}},"type":"if","locations":[{"start":{"line":282,"column":4},"end":{"line":284,"column":null}},{"start":{},"end":{}}],"line":282},"25":{"loc":{"start":{"line":299,"column":4},"end":{"line":303,"column":null}},"type":"if","locations":[{"start":{"line":299,"column":4},"end":{"line":303,"column":null}},{"start":{"line":301,"column":11},"end":{"line":303,"column":null}}],"line":299},"26":{"loc":{"start":{"line":306,"column":4},"end":{"line":336,"column":null}},"type":"if","locations":[{"start":{"line":306,"column":4},"end":{"line":336,"column":null}},{"start":{},"end":{}}],"line":306},"27":{"loc":{"start":{"line":307,"column":6},"end":{"line":308,"column":null}},"type":"binary-expr","locations":[{"start":{"line":307,"column":6},"end":{"line":307,"column":null}},{"start":{"line":308,"column":6},"end":{"line":308,"column":null}}],"line":307},"28":{"loc":{"start":{"line":316,"column":6},"end":{"line":320,"column":null}},"type":"if","locations":[{"start":{"line":316,"column":6},"end":{"line":320,"column":null}},{"start":{"line":318,"column":13},"end":{"line":320,"column":null}}],"line":316},"29":{"loc":{"start":{"line":318,"column":13},"end":{"line":320,"column":null}},"type":"if","locations":[{"start":{"line":318,"column":13},"end":{"line":320,"column":null}},{"start":{},"end":{}}],"line":318},"30":{"loc":{"start":{"line":347,"column":4},"end":{"line":347,"column":null}},"type":"if","locations":[{"start":{"line":347,"column":4},"end":{"line":347,"column":null}},{"start":{},"end":{}}],"line":347},"31":{"loc":{"start":{"line":377,"column":4},"end":{"line":377,"column":null}},"type":"default-arg","locations":[{"start":{"line":377,"column":23},"end":{"line":377,"column":null}}],"line":377},"32":{"loc":{"start":{"line":380,"column":19},"end":{"line":380,"column":null}},"type":"binary-expr","locations":[{"start":{"line":380,"column":19},"end":{"line":380,"column":41}},{"start":{"line":380,"column":41},"end":{"line":380,"column":null}}],"line":380},"33":{"loc":{"start":{"line":382,"column":4},"end":{"line":395,"column":null}},"type":"if","locations":[{"start":{"line":382,"column":4},"end":{"line":395,"column":null}},{"start":{},"end":{}}],"line":382},"34":{"loc":{"start":{"line":399,"column":4},"end":{"line":409,"column":null}},"type":"if","locations":[{"start":{"line":399,"column":4},"end":{"line":409,"column":null}},{"start":{},"end":{}}],"line":399},"35":{"loc":{"start":{"line":406,"column":23},"end":{"line":406,"column":null}},"type":"cond-expr","locations":[{"start":{"line":406,"column":51},"end":{"line":406,"column":121}},{"start":{"line":406,"column":121},"end":{"line":406,"column":null}}],"line":406},"36":{"loc":{"start":{"line":416,"column":26},"end":{"line":418,"column":null}},"type":"cond-expr","locations":[{"start":{"line":417,"column":8},"end":{"line":417,"column":null}},{"start":{"line":418,"column":8},"end":{"line":418,"column":null}}],"line":416},"37":{"loc":{"start":{"line":419,"column":27},"end":{"line":421,"column":null}},"type":"cond-expr","locations":[{"start":{"line":420,"column":8},"end":{"line":420,"column":null}},{"start":{"line":421,"column":8},"end":{"line":421,"column":null}}],"line":419},"38":{"loc":{"start":{"line":428,"column":21},"end":{"line":428,"column":null}},"type":"cond-expr","locations":[{"start":{"line":428,"column":41},"end":{"line":428,"column":63}},{"start":{"line":428,"column":63},"end":{"line":428,"column":null}}],"line":428},"39":{"loc":{"start":{"line":443,"column":4},"end":{"line":471,"column":null}},"type":"if","locations":[{"start":{"line":443,"column":4},"end":{"line":471,"column":null}},{"start":{"line":454,"column":11},"end":{"line":471,"column":null}}],"line":443},"40":{"loc":{"start":{"line":454,"column":11},"end":{"line":471,"column":null}},"type":"if","locations":[{"start":{"line":454,"column":11},"end":{"line":471,"column":null}},{"start":{"line":465,"column":11},"end":{"line":471,"column":null}}],"line":454},"41":{"loc":{"start":{"line":465,"column":11},"end":{"line":471,"column":null}},"type":"if","locations":[{"start":{"line":465,"column":11},"end":{"line":471,"column":null}},{"start":{},"end":{}}],"line":465},"42":{"loc":{"start":{"line":474,"column":4},"end":{"line":480,"column":null}},"type":"if","locations":[{"start":{"line":474,"column":4},"end":{"line":480,"column":null}},{"start":{},"end":{}}],"line":474}},"s":{"0":1,"1":1,"2":1,"3":50,"4":50,"5":50,"6":56,"7":56,"8":56,"9":56,"10":256,"11":47,"12":209,"13":0,"14":209,"15":196,"16":196,"17":50,"18":50,"19":192,"20":192,"21":66,"22":192,"23":192,"24":50,"25":175,"26":33,"27":3,"28":2,"29":2,"30":1,"31":30,"32":33,"33":33,"34":1,"35":29,"36":2,"37":27,"38":79,"39":27,"40":76,"41":27,"42":27,"43":27,"44":27,"45":27,"46":144,"47":144,"48":144,"49":144,"50":144,"51":27,"52":27,"53":0,"54":27,"55":3,"56":1,"57":2,"58":4,"59":2,"60":4,"61":6,"62":28,"63":28,"64":28,"65":28,"66":28,"67":28,"68":28,"69":52,"70":52,"71":52,"72":16,"73":36,"74":36,"75":36,"76":36,"77":36,"78":3,"79":36,"80":12,"81":24,"82":24,"83":24,"84":24,"85":24,"86":24,"87":0,"88":24,"89":23,"90":1,"91":24,"92":9,"93":9,"94":9,"95":9,"96":9,"97":0,"98":0,"99":9,"100":9,"101":9,"102":9,"103":24,"104":24,"105":24,"106":7,"107":17,"108":38,"109":8,"110":7,"111":6,"112":6,"113":2,"114":2,"115":2,"116":2,"117":2,"118":5,"119":5,"120":5,"121":2,"122":4,"123":4,"124":1,"125":3,"126":3,"127":11,"128":3,"129":6,"130":6,"131":6,"132":8,"133":12,"134":12,"135":12,"136":10,"137":10,"138":2,"139":1,"140":1,"141":1,"142":0,"143":12,"144":1,"145":12,"146":1,"147":1,"148":1,"149":1,"150":1,"151":1,"152":1,"153":7},"f":{"0":1,"1":175,"2":1,"3":79,"4":76,"5":1,"6":4,"7":4,"8":6,"9":28,"10":52,"11":24,"12":38,"13":8,"14":7,"15":6,"16":8,"17":12,"18":1,"19":1,"20":7},"b":{"0":[56,0],"1":[56,1],"2":[47,209],"3":[0,209],"4":[209,0],"5":[196,13],"6":[196,192],"7":[66,126],"8":[3,30],"9":[33,3],"10":[2,1],"11":[30,0],"12":[30,0],"13":[1,32],"14":[33,2],"15":[2,27],"16":[29,28],"17":[144,65],"18":[144,68],"19":[0,27],"20":[1,2],"21":[4,0],"22":[28],"23":[16,36],"24":[12,24],"25":[23,1],"26":[9,15],"27":[24,9],"28":[9,0],"29":[0,0],"30":[7,17],"31":[6],"32":[6,6],"33":[2,4],"34":[1,3],"35":[1,0],"36":[3,0],"37":[3,0],"38":[3,0],"39":[10,2],"40":[1,1],"41":[0,1],"42":[1,11]},"meta":{"lastBranch":43,"lastFunction":21,"lastStatement":154,"seen":{"s:75:49:84:Infinity":0,"s:94:39:112:Infinity":1,"s:115:42:126:Infinity":2,"f:132:9:132:23":0,"s:133:23:133:Infinity":3,"s:134:26:134:Infinity":4,"s:136:4:151:Infinity":5,"s:137:19:137:Infinity":6,"b:137:53:137:81:137:81:137:Infinity":0,"s:139:20:139:Infinity":7,"b:139:20:139:65:139:65:139:Infinity":1,"s:142:24:142:Infinity":8,"s:143:6:150:Infinity":9,"b:144:8:144:Infinity:undefined:undefined:undefined:undefined":2,"s:144:8:144:Infinity":10,"s:144:45:144:Infinity":11,"b:145:8:145:Infinity:undefined:undefined:undefined:undefined":3,"s:145:8:145:Infinity":12,"b:145:12:145:31:145:31:145:68":4,"s:145:68:145:Infinity":13,"b:146:8:149:Infinity:undefined:undefined:undefined:undefined":5,"s:146:8:149:Infinity":14,"s:147:10:147:Infinity":15,"s:148:10:148:Infinity":16,"b:148:32:148:56:148:56:148:61":6,"s:154:28:154:Infinity":17,"s:155:4:168:Infinity":18,"s:157:19:157:Infinity":19,"b:160:6:162:Infinity:undefined:undefined:undefined:undefined":7,"s:160:6:162:Infinity":20,"s:161:8:161:Infinity":21,"s:165:6:165:Infinity":22,"s:167:6:167:Infinity":23,"s:171:4:171:Infinity":24,"f:171:18:171:24":1,"s:171:33:171:52":25,"f:184:9:184:Infinity":2,"b:189:4:195:Infinity:undefined:undefined:undefined:undefined":8,"s:189:4:195:Infinity":26,"b:189:8:189:29:189:29:189:48":9,"b:190:6:193:Infinity:undefined:undefined:undefined:undefined":10,"s:190:6:193:Infinity":27,"s:191:21:191:Infinity":28,"s:192:8:192:Infinity":29,"s:194:6:194:Infinity":30,"s:197:20:197:Infinity":31,"b:197:39:197:43:197:43:197:Infinity":11,"s:198:20:198:Infinity":32,"b:198:39:198:43:198:43:198:Infinity":12,"b:200:4:200:Infinity:undefined:undefined:undefined:undefined":13,"s:200:4:200:Infinity":33,"b:200:8:200:32:200:32:200:54":14,"s:200:54:200:Infinity":34,"b:201:4:201:Infinity:undefined:undefined:undefined:undefined":15,"s:201:4:201:Infinity":35,"b:201:8:201:32:201:32:201:54":16,"s:201:54:201:Infinity":36,"s:203:17:203:Infinity":37,"f:203:33:203:38":3,"s:203:44:203:65":38,"s:204:17:204:Infinity":39,"f:204:33:204:38":4,"s:204:44:204:65":40,"s:206:24:206:Infinity":41,"s:207:21:207:Infinity":42,"s:208:15:208:Infinity":43,"s:209:15:209:Infinity":44,"s:211:4:217:Infinity":45,"s:212:17:212:Infinity":46,"b:212:17:212:33:212:33:212:Infinity":17,"s:213:17:213:Infinity":47,"b:213:17:213:33:213:33:213:Infinity":18,"s:214:6:214:Infinity":48,"s:215:6:215:Infinity":49,"s:216:6:216:Infinity":50,"s:219:22:219:Infinity":51,"b:220:4:220:Infinity:undefined:undefined:undefined:undefined":19,"s:220:4:220:Infinity":52,"s:220:25:220:Infinity":53,"s:222:4:222:Infinity":54,"f:229:9:229:22":5,"b:230:4:230:Infinity:undefined:undefined:undefined:undefined":20,"s:230:4:230:Infinity":55,"s:230:29:230:Infinity":56,"s:231:18:231:Infinity":57,"f:231:25:231:30":6,"s:231:36:231:45":58,"s:232:4:232:Infinity":59,"f:232:17:232:22":7,"s:232:29:232:78":60,"b:232:29:232:77:232:77:232:78":21,"f:232:36:232:42":8,"s:232:48:232:64":61,"s:241:36:241:Infinity":62,"s:243:34:243:Infinity":63,"s:245:30:245:Infinity":64,"s:247:33:247:Infinity":65,"s:249:22:249:Infinity":66,"s:251:26:251:Infinity":67,"f:253:2:253:14":9,"b:253:45:253:49":22,"s:254:4:254:Infinity":68,"f:261:2:261:11":10,"s:262:4:262:Infinity":69,"s:263:4:263:Infinity":70,"b:266:4:268:Infinity:undefined:undefined:undefined:undefined":23,"s:266:4:268:Infinity":71,"s:267:6:267:Infinity":72,"s:270:22:270:Infinity":73,"s:271:36:271:Infinity":74,"s:273:4:273:Infinity":75,"s:276:23:276:Infinity":76,"s:277:4:279:Infinity":77,"s:278:6:278:Infinity":78,"b:282:4:284:Infinity:undefined:undefined:undefined:undefined":24,"s:282:4:284:Infinity":79,"s:283:6:283:Infinity":80,"s:287:20:287:Infinity":81,"s:288:21:288:Infinity":82,"s:289:23:289:Infinity":83,"s:290:23:290:Infinity":84,"s:292:4:292:Infinity":85,"s:294:4:296:Infinity":86,"s:295:6:295:Infinity":87,"b:299:4:303:Infinity:301:11:303:Infinity":25,"s:299:4:303:Infinity":88,"s:300:6:300:Infinity":89,"s:302:6:302:Infinity":90,"b:306:4:336:Infinity:undefined:undefined:undefined:undefined":26,"s:306:4:336:Infinity":91,"b:307:6:307:Infinity:308:6:308:Infinity":27,"s:311:26:311:Infinity":92,"s:312:23:312:Infinity":93,"s:315:39:315:Infinity":94,"b:316:6:320:Infinity:318:13:320:Infinity":28,"s:316:6:320:Infinity":95,"s:317:8:317:Infinity":96,"b:318:13:320:Infinity:undefined:undefined:undefined:undefined":29,"s:318:13:320:Infinity":97,"s:319:8:319:Infinity":98,"s:322:32:329:Infinity":99,"s:331:6:331:Infinity":100,"s:332:6:332:Infinity":101,"s:335:6:335:Infinity":102,"s:338:4:338:Infinity":103,"f:345:2:345:26":11,"s:346:19:346:Infinity":104,"b:347:4:347:Infinity:undefined:undefined:undefined:undefined":30,"s:347:4:347:Infinity":105,"s:347:29:347:Infinity":106,"s:348:4:348:Infinity":107,"f:348:18:348:26":12,"s:348:37:348:46":108,"f:354:2:354:29":13,"s:355:4:355:Infinity":109,"f:361:2:361:28":14,"s:362:4:362:Infinity":110,"f:375:2:375:Infinity":15,"b:377:23:377:Infinity":31,"s:380:19:380:Infinity":111,"b:380:19:380:41:380:41:380:Infinity":32,"b:382:4:395:Inf
[...]
":41},"end":{"line":138,"column":null}},"line":136},"7":{"name":"(anonymous_7)","decl":{"start":{"line":137,"column":17},"end":{"line":137,"column":22}},"loc":{"start":{"line":137,"column":28},"end":{"line":137,"column":42}},"line":137},"8":{"name":"decode","decl":{"start":{"line":143,"column":2},"end":{"line":143,"column":9}},"loc":{"start":{"line":143,"column":35},"end":{"line":148,"column":null}},"line":143},"9":{"name":"getTokenCount","decl":{"start":{"line":153,"column":2},"end":{"line":153,"column":16}},"loc":{"start":{"line":153,"column":38},"end":{"line":155,"column":null}},"line":153},"10":{"name":"estimateTokenBudget","decl":{"start":{"line":161,"column":2},"end":{"line":161,"column":22}},"loc":{"start":{"line":161,"column":94},"end":{"line":175,"column":null}},"line":161},"11":{"name":"getStats","decl":{"start":{"line":181,"column":2},"end":{"line":181,"column":11}},"loc":{"start":{"line":181,"column":61},"end":{"line":193,"column":null}},"line":181},"12":{"name":"setModel","decl":{"start":{"line":196,"column":2},"end":{"line":196,"column":11}},"loc":{"start":{"line":196,"column":32},"end":{"line":199,"column":null}},"line":196},"13":{"name":"getModel","decl":{"start":{"line":202,"column":2},"end":{"line":202,"column":21}},"loc":{"start":{"line":202,"column":21},"end":{"line":204,"column":null}},"line":202},"14":{"name":"estimate","decl":{"start":{"line":222,"column":9},"end":{"line":222,"column":18}},"loc":{"start":{"line":222,"column":40},"end":{"line":234,"column":null}},"line":222},"15":{"name":"isAccurate","decl":{"start":{"line":239,"column":9},"end":{"line":239,"column":31}},"loc":{"start":{"line":239,"column":31},"end":{"line":241,"column":null}},"line":239},"16":{"name":"accuracy","decl":{"start":{"line":247,"column":9},"end":{"line":247,"column":18}},"loc":{"start":{"line":247,"column":41},"end":{"line":253,"column":null}},"line":247},"17":{"name":"createTokenCounter","decl":{"start":{"line":261,"column":16},"end":{"line":261,"column":35}},"loc":{"start":{"line":266,"column":2},"end":{"line":316,"column":null}},"line":266},"18":{"name":"count","decl":{"start":{"line":270,"column":4},"end":{"line":270,"column":10}},"loc":{"start":{"line":270,"column":44},"end":{"line":286,"column":null}},"line":270},"19":{"name":"countBatch","decl":{"start":{"line":288,"column":4},"end":{"line":288,"column":15}},"loc":{"start":{"line":288,"column":50},"end":{"line":303,"column":null}},"line":288},"20":{"name":"(anonymous_20)","decl":{"start":{"line":300,"column":22},"end":{"line":300,"column":27}},"loc":{"start":{"line":300,"column":33},"end":{"line":300,"column":60}},"line":300},"21":{"name":"decode","decl":{"start":{"line":305,"column":4},"end":{"line":305,"column":11}},"loc":{"start":{"line":305,"column":37},"end":{"line":310,"column":null}},"line":305},"22":{"name":"isPrecise","decl":{"start":{"line":312,"column":4},"end":{"line":312,"column":25}},"loc":{"start":{"line":312,"column":25},"end":{"line":314,"column":null}},"line":312}},"branchMap":{"0":{"loc":{"start":{"line":71,"column":2},"end":{"line":77,"column":null}},"type":"if","locations":[{"start":{"line":71,"column":2},"end":{"line":77,"column":null}},{"start":{},"end":{}}],"line":71},"1":{"loc":{"start":{"line":109,"column":14},"end":{"line":109,"column":45}},"type":"default-arg","locations":[{"start":{"line":109,"column":30},"end":{"line":109,"column":45}}],"line":109},"2":{"loc":{"start":{"line":120,"column":11},"end":{"line":120,"column":null}},"type":"binary-expr","locations":[{"start":{"line":120,"column":11},"end":{"line":120,"column":32}},{"start":{"line":120,"column":32},"end":{"line":120,"column":null}}],"line":120},"3":{"loc":{"start":{"line":127,"column":4},"end":{"line":129,"column":null}},"type":"if","locations":[{"start":{"line":127,"column":4},"end":{"line":129,"column":null}},{"start":{},"end":{}}],"line":127},"4":{"loc":{"start":{"line":144,"column":4},"end":{"line":146,"column":null}},"type":"if","locations":[{"start":{"line":144,"column":4},"end":{"line":146,"column":null}},{"start":{},"end":{}}],"line":144},"5":{"loc":{"start":{"line":173,"column":19},"end":{"line":173,"column":null}},"type":"cond-expr","locations":[{"start":{"line":173,"column":37},"end":{"line":173,"column":62}},{"start":{"line":173,"column":62},"end":{"line":173,"column":null}}],"line":173},"6":{"loc":{"start":{"line":189,"column":31},"end":{"line":189,"column":null}},"type":"cond-expr","locations":[{"start":{"line":189,"column":53},"end":{"line":189,"column":91}},{"start":{"line":189,"column":91},"end":{"line":189,"column":null}}],"line":189},"7":{"loc":{"start":{"line":223,"column":4},"end":{"line":223,"column":null}},"type":"if","locations":[{"start":{"line":223,"column":4},"end":{"line":223,"column":null}},{"start":{},"end":{}}],"line":223},"8":{"loc":{"start":{"line":223,"column":8},"end":{"line":223,"column":36}},"type":"binary-expr","locations":[{"start":{"line":223,"column":8},"end":{"line":223,"column":17}},{"start":{"line":223,"column":17},"end":{"line":223,"column":36}}],"line":223},"9":{"loc":{"start":{"line":226,"column":21},"end":{"line":226,"column":null}},"type":"cond-expr","locations":[{"start":{"line":226,"column":34},"end":{"line":226,"column":54}},{"start":{"line":226,"column":54},"end":{"line":226,"column":null}}],"line":226},"10":{"loc":{"start":{"line":248,"column":4},"end":{"line":248,"column":null}},"type":"if","locations":[{"start":{"line":248,"column":4},"end":{"line":248,"column":null}},{"start":{},"end":{}}],"line":248},"11":{"loc":{"start":{"line":250,"column":21},"end":{"line":250,"column":null}},"type":"cond-expr","locations":[{"start":{"line":250,"column":34},"end":{"line":250,"column":68}},{"start":{"line":250,"column":68},"end":{"line":250,"column":null}}],"line":250},"12":{"loc":{"start":{"line":261,"column":35},"end":{"line":261,"column":null}},"type":"default-arg","locations":[{"start":{"line":261,"column":51},"end":{"line":261,"column":null}}],"line":261},"13":{"loc":{"start":{"line":271,"column":6},"end":{"line":281,"column":null}},"type":"if","locations":[{"start":{"line":271,"column":6},"end":{"line":281,"column":null}},{"start":{},"end":{}}],"line":271},"14":{"loc":{"start":{"line":289,"column":6},"end":{"line":298,"column":null}},"type":"if","locations":[{"start":{"line":289,"column":6},"end":{"line":298,"column":null}},{"start":{},"end":{}}],"line":289},"15":{"loc":{"start":{"line":306,"column":6},"end":{"line":308,"column":null}},"type":"if","locations":[{"start":{"line":306,"column":6},"end":{"line":308,"column":null}},{"start":{},"end":{}}],"line":306}},"s":{"0":0,"1":0,"2":0,"3":0,"4":0,"5":0,"6":0,"7":0,"8":0,"9":0,"10":0,"11":0,"12":0,"13":0,"14":0,"15":0,"16":0,"17":0,"18":0,"19":0,"20":0,"21":0,"22":0,"23":0,"24":0,"25":0,"26":0,"27":0,"28":0,"29":0,"30":0,"31":0,"32":0,"33":0,"34":0,"35":0,"36":0,"37":0,"38":0,"39":0,"40":0,"41":0,"42":0,"43":0,"44":0,"45":0,"46":0,"47":0,"48":0,"49":0,"50":0,"51":0,"52":0,"53":0,"54":0,"55":0,"56":0,"57":0,"58":0,"59":0,"60":0,"61":0,"62":0,"63":0,"64":0,"65":0,"66":0,"67":0,"68":0,"69":0,"70":0,"71":0,"72":0,"73":0},"f":{"0":0,"1":0,"2":0,"3":0,"4":0,"5":0,"6":0,"7":0,"8":0,"9":0,"10":0,"11":0,"12":0,"13":0,"14":0,"15":0,"16":0,"17":0,"18":0,"19":0,"20":0,"21":0,"22":0},"b":{"0":[0,0],"1":[0],"2":[0,0],"3":[0,0],"4":[0,0],"5":[0,0],"6":[0,0],"7":[0,0],"8":[0,0],"9":[0,0],"10":[0,0],"11":[0,0],"12":[0],"13":[0,0],"14":[0,0],"15":[0,0]},"meta":{"lastBranch":16,"lastFunction":23,"lastStatement":74,"seen":{"s:59:48:59:Infinity":0,"f:61:9:61:24":0,"s:62:2:62:Infinity":1,"f:69:9:69:24":1,"b:71:2:77:Infinity:undefined:undefined:undefined:undefined":0,"s:71:2:77:Infinity":2,"s:72:4:76:Infinity":3,"s:73:6:73:Infinity":4,"s:80:2:84:Infinity":5,"s:81:4:81:Infinity":6,"s:87:2:92:Infinity":7,"s:88:10:88:Infinity":8,"s:89:4:89:Infinity":9,"s:95:2:99:Infinity":10,"s:96:4:96:Infinity":11,"s:98:4:98:Infinity":12,"s:105:37:105:Infinity":13,"s:107:25:107:Infinity":14,"f:109:2:109:14":2,"b:109:30:109:45":1,"s:110:4:110:Infinity":15,"s:111:4:111:Infinity":16,"f:114:2:114:10":3,"s:115:4:115:Infinity":17,"s:116:4:116:Infinity":18,"f:119:6:119:29":4,"s:120:4:120:Infinity":19,"b:120:11:120:32:120:32:120:Infinity":2,"f:126:2:126:9":5,"b:127:4:129:Infinity:undefined:undefined:undefined:undefined":3,"s:127:4:129:Infinity":20,"s:128:6:128:Infinity":21,"s:130:4:130:Infinity":22,"f:136:2:136:14":6,"s:137:4:137:Infinity":23,"f:137:17:137:22":7,"s:137:28:137:42":24,"f:143:2:143:9":8,"b:144:4:146:Infinity:undefined:undefined:undefined:undefined":4,"s:144:4:146:Infinity":25,"s:145:6:145:Infinity":26,"s:147:4:147:Infinity":27,"f:153:2:153:16":9,"s:154:4:154:Infinity":28,"f:161:2:161:22":10,"s:162:19:162:Infinity":29,"s:163:4:165:Infinity":30,"s:164:6:164:Infinity":31,"s:166:26:166:Infinity":32,"s:167:28:167:Infinity":33,"s:168:4:174:Infinity":34,"b:173:37:173:62:173:62:173:Infinity":5,"f:181:2:181:11":11,"s:182:16:182:Infinity":35,"s:183:4:185:Infinity":36,"s:184:6:184:Infinity":37,"s:186:4:192:Infinity":38,"b:189:53:189:91:189:91:189:Infinity":6,"f:196:2:196:11":12,"s:197:4:197:Infinity":39,"s:198:4:198:Infinity":40,"f:202:2:202:21":13,"s:203:4:203:Infinity":41,"s:210:38:210:Infinity":42,"s:212:44:212:Infinity":43,"s:214:48:214:Infinity":44,"s:216:44:216:Infinity":45,"f:222:9:222:18":14,"b:223:4:223:Infinity:undefined:undefined:undefined:undefined":7,"s:223:4:223:Infinity":46,"b:223:8:223:17:223:17:223:36":8,"s:223:36:223:Infinity":47,"s:225:23:225:Infinity":48,"s:226:21:226:Infinity":49,"b:226:34:226:54:226:54:226:Infinity":9,"s:227:24:227:Infinity":50,"s:230:6:231:Infinity":51,"s:233:4:233:Infinity":52,"f:239:9:239:31":15,"s:240:4:240:Infinity":53,"f:247:9:247:18":16,"b:248:4:248:Infinity:undefined:undefined:undefined:undefined":10,"s:248:4:248:Infinity":54,"s:248:15:248:Infinity":55,"s:249:23:249:Infinity":56,"s:250:21:250:Infinity":57,"b:250:34:250:68:250:68:250:Infinity":11,"s:252:4:252:Infinity":58,"f:261:16:261:35":17,"b:261:51:261:Infinity":12,"s:267:19:267:Infinity":59,"s:269:2:315:Infinity":60,"f:270:4:270:10":18,"b:271:6:281:Infinity:undefined:undefined:undefined:undefined":13,"s:271:6:281:Infinity":61,"s:272:8:280:Infinity":62,"s:273:10:277:Infinity":63,"s:282:6:285:Infinity":64,"f:288:4:288:15":19,"b:289:6:298:Infinity:undefined:undefined:undefined:undefined":14,"s:289:6:298:Infinity":65,"s:290:8:297:Infinity":66,"s:291:10:294:Infinity":67,"s:299:6:302:Infinity":68,"f:300:22:300:27":20,"s:300:33:300:60":69,"f:305:4:305:11":21,"b:306:6:308:Infinity:undefined:undefined:undefined:undefined":15,"s:306:6:308:Infinity":70,"s:307:8:307:Infinity":71,"s:309:6:309:Infinity":72,"f:312:4:312:25":22,"s:313:6:313:Infinity":73}}}
,"/Users/liantian/workspace/osprojects/claw-ctx/src/token_budget_manager.ts": {"path":"/Users/liantian/workspace/osprojects/claw-ctx/src/token_budget_manager.ts","statementMap":{"0":{"start":{"line":44,"column":61},"end":{"line":53,"column":null}},"1":{"start":{"line":56,"column":4},"end":{"line":56,"column":null}},"2":{"start":{"line":59,"column":16},"end":{"line":59,"column":null}},"3":{"start":{"line":60,"column":4},"end":{"line":64,"column":null}},"4":{"start":{"line":61,"column":6},"end":{"line":63,"column":null}},"5":{"start":{"line":71,"column":18},"end":{"line":71,"column":null}},"6":{"start":{"line":73,"column":22},"end":{"line":73,"column":null}},"7":{"start":{"line":74,"column":22},"end":{"line":74,"column":null}},"8":{"start":{"line":75,"column":20},"end":{"line":75,"column":null}},"9":{"start":{"line":76,"column":17},"end":{"line":76,"column":null}},"10":{"start":{"line":79,"column":4},"end":{"line":83,"column":null}},"11":{"start":{"line":80,"column":6},"end":{"line":80,"column":null}},"12":{"start":{"line":81,"column":6},"end":{"line":81,"column":null}},"13":{"start":{"line":82,"column":6},"end":{"line":82,"column":null}},"14":{"start":{"line":85,"column":4},"end":{"line":88,"column":null}},"15":{"start":{"line":86,"column":6},"end":{"line":86,"column":null}},"16":{"start":{"line":87,"column":6},"end":{"line":87,"column":null}},"17":{"start":{"line":90,"column":4},"end":{"line":93,"column":null}},"18":{"start":{"line":91,"column":6},"end":{"line":91,"column":null}},"19":{"start":{"line":92,"column":6},"end":{"line":92,"column":null}},"20":{"start":{"line":95,"column":41},"end":{"line":101,"column":null}},"21":{"start":{"line":103,"column":4},"end":{"line":108,"column":null}},"22":{"start":{"line":115,"column":4},"end":{"line":115,"column":null}},"23":{"start":{"line":115,"column":29},"end":{"line":115,"column":null}},"24":{"start":{"line":116,"column":4},"end":{"line":116,"column":null}},"25":{"start":{"line":123,"column":4},"end":{"line":123,"column":null}},"26":{"start":{"line":123,"column":20},"end":{"line":123,"column":null}},"27":{"start":{"line":124,"column":4},"end":{"line":124,"column":null}},"28":{"start":{"line":131,"column":23},"end":{"line":131,"column":null}},"29":{"start":{"line":132,"column":19},"end":{"line":136,"column":null}},"30":{"start":{"line":137,"column":4},"end":{"line":137,"column":null}},"31":{"start":{"line":144,"column":23},"end":{"line":144,"column":null}},"32":{"start":{"line":145,"column":19},"end":{"line":149,"column":null}},"33":{"start":{"line":150,"column":4},"end":{"line":150,"column":null}},"34":{"start":{"line":155,"column":4},"end":{"line":155,"column":null}},"35":{"start":{"line":160,"column":4},"end":{"line":160,"column":null}}},"fnMap":{"0":{"name":"constructor","decl":{"start":{"line":55,"column":2},"end":{"line":55,"column":14}},"loc":{"start":{"line":55,"column":41},"end":{"line":65,"column":null}},"line":55},"1":{"name":"calculate","decl":{"start":{"line":70,"column":2},"end":{"line":70,"column":12}},"loc":{"start":{"line":70,"column":48},"end":{"line":109,"column":null}},"line":70},"2":{"name":"reserveForCrossDomain","decl":{"start":{"line":114,"column":2},"end":{"line":114,"column":24}},"loc":{"start":{"line":114,"column":61},"end":{"line":117,"column":null}},"line":114},"3":{"name":"reserveForCI","decl":{"start":{"line":122,"column":2},"end":{"line":122,"column":15}},"loc":{"start":{"line":122,"column":43},"end":{"line":125,"column":null}},"line":122},"4":{"name":"canFit","decl":{"start":{"line":130,"column":2},"end":{"line":130,"column":9}},"loc":{"start":{"line":130,"column":106},"end":{"line":138,"column":null}},"line":130},"5":{"name":"remaining","decl":{"start":{"line":143,"column":2},"end":{"line":143,"column":12}},"loc":{"start":{"line":143,"column":83},"end":{"line":151,"column":null}},"line":143},"6":{"name":"updateConfig","decl":{"start":{"line":154,"column":2},"end":{"line":154,"column":15}},"loc":{"start":{"line":154,"column":52},"end":{"line":156,"column":null}},"line":154},"7":{"name":"getConfig","decl":{"start":{"line":159,"column":2},"end":{"line":159,"column":38}},"loc":{"start":{"line":159,"column":38},"end":{"line":161,"column":null}},"line":159}},"branchMap":{"0":{"loc":{"start":{"line":55,"column":14},"end":{"line":55,"column":41}},"type":"default-arg","locations":[{"start":{"line":55,"column":37},"end":{"line":55,"column":41}}],"line":55},"1":{"loc":{"start":{"line":60,"column":4},"end":{"line":64,"column":null}},"type":"if","locations":[{"start":{"line":60,"column":4},"end":{"line":64,"column":null}},{"start":{},"end":{}}],"line":60},"2":{"loc":{"start":{"line":71,"column":18},"end":{"line":71,"column":null}},"type":"binary-expr","locations":[{"start":{"line":71,"column":18},"end":{"line":71,"column":33}},{"start":{"line":71,"column":33},"end":{"line":71,"column":null}}],"line":71},"3":{"loc":{"start":{"line":79,"column":4},"end":{"line":83,"column":null}},"type":"if","locations":[{"start":{"line":79,"column":4},"end":{"line":83,"column":null}},{"start":{},"end":{}}],"line":79},"4":{"loc":{"start":{"line":79,"column":8},"end":{"line":79,"column":89}},"type":"binary-expr","locations":[{"start":{"line":79,"column":8},"end":{"line":79,"column":52}},{"start":{"line":79,"column":52},"end":{"line":79,"column":89}}],"line":79},"5":{"loc":{"start":{"line":85,"column":4},"end":{"line":88,"column":null}},"type":"if","locations":[{"start":{"line":85,"column":4},"end":{"line":88,"column":null}},{"start":{},"end":{}}],"line":85},"6":{"loc":{"start":{"line":90,"column":4},"end":{"line":93,"column":null}},"type":"if","locations":[{"start":{"line":90,"column":4},"end":{"line":93,"column":null}},{"start":{},"end":{}}],"line":90},"7":{"loc":{"start":{"line":115,"column":4},"end":{"line":115,"column":null}},"type":"if","locations":[{"start":{"line":115,"column":4},"end":{"line":115,"column":null}},{"start":{},"end":{}}],"line":115},"8":{"loc":{"start":{"line":123,"column":4},"end":{"line":123,"column":null}},"type":"if","locations":[{"start":{"line":123,"column":4},"end":{"line":123,"column":null}},{"start":{},"end":{}}],"line":123},"9":{"loc":{"start":{"line":132,"column":19},"end":{"line":136,"column":null}},"type":"cond-expr","locations":[{"start":{"line":133,"column":8},"end":{"line":133,"column":null}},{"start":{"line":134,"column":8},"end":{"line":136,"column":null}}],"line":132},"10":{"loc":{"start":{"line":134,"column":8},"end":{"line":136,"column":null}},"type":"cond-expr","locations":[{"start":{"line":135,"column":10},"end":{"line":135,"column":null}},{"start":{"line":136,"column":10},"end":{"line":136,"column":null}}],"line":134},"11":{"loc":{"start":{"line":145,"column":19},"end":{"line":149,"column":null}},"type":"cond-expr","locations":[{"start":{"line":146,"column":8},"end":{"line":146,"column":null}},{"start":{"line":147,"column":8},"end":{"line":149,"column":null}}],"line":145},"12":{"loc":{"start":{"line":147,"column":8},"end":{"line":149,"column":null}},"type":"cond-expr","locations":[{"start":{"line":148,"column":10},"end":{"line":148,"column":null}},{"start":{"line":149,"column":10},"end":{"line":149,"column":null}}],"line":147}},"s":{"0":0,"1":0,"2":0,"3":0,"4":0,"5":0,"6":0,"7":0,"8":0,"9":0,"10":0,"11":0,"12":0,"13":0,"14":0,"15":0,"16":0,"17":0,"18":0,"19":0,"20":0,"21":0,"22":0,"23":0,"24":0,"25":0,"26":0,"27":0,"28":0,"29":0,"30":0,"31":0,"32":0,"33":0,"34":0,"35":0},"f":{"0":0,"1":0,"2":0,"3":0,"4":0,"5":0,"6":0,"7":0},"b":{"0":[0],"1":[0,0],"2":[0,0],"3":[0,0],"4":[0,0],"5":[0,0],"6":[0,0],"7":[0,0],"8":[0,0],"9":[0,0],"10":[0,0],"11":[0,0],"12":[0,0]},"meta":{"lastBranch":13,"lastFunction":8,"lastStatement":36,"seen":{"s:44:61:53:Infinity":0,"f:55:2:55:14":0,"b:55:37:55:41":0,"s:56:4:56:Infinity":1,"s:59:16:59:Infinity":2,"b:60:4:64:Infinity:undefined:undefined:undefined:undefined":1,"s:60:4:64:Infinity":3,"s:61:6:63:Infinity":4,"f:70:2:70:12":1,"s:71:18:71:Infinity":5,"b:71:18:71:33:71:33:71:Infinity":2,"s:73:22:73:Infinity":6,"s:74:22:74:Infinity":7,"s:75:20:75:Infinity":8,"s:76:17:76:Infinity":9,"b:79:4:83:Infinity:undefined:undefined:undefined:undefined":3,"s:79:4:83:Infinity":10,"b:79:8:79:52:79:52:79:89":4,"s:80:6:80:Infinity":11,"s:81:6:81:Infinity":12,"s:82:6:82:Infinity":13,"b:85:4:88:Infinity:undefined:undefined:undefined:undefined":5,"s:85:4:88:Infinity":14,"s:86:6:86:Infinity":15,"s:87:6:87:Infinity":16,"b:90:4:93:Infinity:undefined:undefined:undefined:undefined":6,"s:90:4:93:Infinity":17,"s:91:6:91:Infinity":18,"s:92:6:92:Infinity":19,"s:95:41:101:Infinity":20,"s:103:4:108:Infinity":21,"f:114:2:114:24":2,"b:115:4:115:Infinity:undefined:undefined:undefined:undefined":7,"s:115:4:115:Infinity":22,"s:115:29:115:Infinity":23,"s:116:4:116:Infinity":24,"f:122:2:122:15":3,"b:123:4:123:Infinity:undefined:undefined:undefined:undefined":8,"s:123:4:123:Infinity":25,"s:123:20:123:Infinity":26,"s:124:4:124:Infinity":27,"f:130:2:130:9":4,"s:131:23:131:Infinity":28,"s:132:19:136:Infinity":29,"b:133:8:133:Infinity:134:8:136:Infinity":9,"b:135:10:135:Infinity:136:10:136:Infinity":10,"s:137:4:137:Infinity":30,"f:143:2:143:12":5,"s:144:23:144:Infinity":31,"s:145:19:149:Infinity":32,"b:146:8:146:Infinity:147:8:149:Infinity":11,"b:148:10:148:Infinity:149:10:149:Infinity":12,"s:150:4:150:Infinity":33,"f:154:2:154:15":6,"s:155:4:155:Infinity":34,"f:159:2:159:38":7,"s:160:4:160:Infinity":35}}}
}
