TN:
SF:src/ci_injector.ts
FN:47,getBuildStatus
FN:48,getTestResults
FN:49,getDeployStatus
FN:58,getBuildStatus
FN:59,getTestResults
FN:60,getDeployStatus
FN:62,addBuild
FN:63,addTestResult
FN:64,addDeploy
FN:65,clear
FN:68,estimateTokens
FN:93,constructor
FN:100,inject
FN:119,(anonymous_13)
FN:127,(anonymous_14)
FN:136,formatForContext
FN:167,setProvider
FNF:17
FNH:15
FNDA:1,getBuildStatus
FNDA:1,getTestResults
FNDA:0,getDeployStatus
FNDA:10,getBuildStatus
FNDA:10,getTestResults
FNDA:1,getDeployStatus
FNDA:15,addBuild
FNDA:2,addTestResult
FNDA:2,addDeploy
FNDA:0,clear
FNDA:36,estimateTokens
FNDA:16,constructor
FNDA:11,inject
FNDA:13,(anonymous_13)
FNDA:11,(anonymous_14)
FNDA:5,formatForContext
FNDA:1,setProvider
DA:47,1
DA:48,1
DA:49,0
DA:54,16
DA:55,16
DA:56,16
DA:58,10
DA:59,10
DA:60,1
DA:62,15
DA:63,2
DA:64,2
DA:65,0
DA:69,36
DA:70,36
DA:71,384
DA:73,36
DA:76,1
DA:83,1
DA:94,16
DA:101,11
DA:103,11
DA:104,11
DA:106,11
DA:107,11
DA:109,11
DA:110,1
DA:114,11
DA:115,18
DA:119,11
DA:120,13
DA:121,10
DA:122,10
DA:125,11
DA:126,11
DA:127,11
DA:129,11
DA:137,5
DA:139,4
DA:141,4
DA:142,4
DA:143,4
DA:144,4
DA:145,4
DA:147,4
DA:149,4
DA:151,1
DA:152,3
DA:153,1
DA:156,4
DA:157,1
DA:160,4
DA:163,4
DA:168,1
LF:54
LH:52
BRDA:71,0,0,0
BRDA:71,0,1,384
BRDA:94,1,0,16
BRDA:94,1,1,1
BRDA:103,2,0,11
BRDA:103,2,1,0
BRDA:104,3,0,11
BRDA:104,3,1,11
BRDA:106,4,0,11
BRDA:106,4,1,0
BRDA:107,5,0,11
BRDA:107,5,1,11
BRDA:109,6,0,1
BRDA:109,6,1,10
BRDA:110,7,0,1
BRDA:110,7,1,1
BRDA:115,8,0,18
BRDA:115,8,1,1
BRDA:120,9,0,3
BRDA:120,9,1,10
BRDA:120,10,0,13
BRDA:120,10,1,3
BRDA:121,11,0,0
BRDA:121,11,1,10
BRDA:121,12,0,10
BRDA:121,12,1,0
BRDA:125,13,0,11
BRDA:125,13,1,10
BRDA:137,14,0,1
BRDA:137,14,1,4
BRDA:142,15,0,4
BRDA:142,15,1,0
BRDA:143,16,0,4
BRDA:143,16,1,0
BRDA:144,17,0,3
BRDA:144,17,1,1
BRDA:145,18,0,2
BRDA:145,18,1,2
BRDA:149,19,0,1
BRDA:149,19,1,3
BRDA:149,20,0,4
BRDA:149,20,1,2
BRDA:152,21,0,1
BRDA:152,21,1,2
BRDA:152,22,0,3
BRDA:152,22,1,1
BRDA:156,23,0,1
BRDA:156,23,1,3
BRF:48
BRH:41
end_of_record
TN:
SF:src/confidence_gate.ts
FN:40,constructor
FN:50,evaluate
FN:64,gate
FN:75,(anonymous_3)
FN:89,(anonymous_4)
FN:94,(anonymous_5)
FN:95,(anonymous_6)
FN:104,(anonymous_7)
FN:117,computeAdaptiveThreshold
FN:120,(anonymous_9)
FN:121,(anonymous_10)
FN:123,(anonymous_11)
FN:140,setThreshold
FN:145,setMode
FN:150,getConfig
FNF:15
FNH:0
FNDA:0,constructor
FNDA:0,evaluate
FNDA:0,gate
FNDA:0,(anonymous_3)
FNDA:0,(anonymous_4)
FNDA:0,(anonymous_5)
FNDA:0,(anonymous_6)
FNDA:0,(anonymous_7)
FNDA:0,computeAdaptiveThreshold
FNDA:0,(anonymous_9)
FNDA:0,(anonymous_10)
FNDA:0,(anonymous_11)
FNDA:0,setThreshold
FNDA:0,setMode
FNDA:0,getConfig
DA:41,0
DA:42,0
DA:43,0
DA:44,0
DA:51,0
DA:52,0
DA:54,0
DA:68,0
DA:69,0
DA:75,0
DA:83,0
DA:85,0
DA:86,0
DA:89,0
DA:92,0
DA:93,0
DA:94,0
DA:95,0
DA:96,0
DA:97,0
DA:100,0
DA:104,0
DA:110,0
DA:118,0
DA:120,0
DA:121,0
DA:122,0
DA:123,0
DA:127,0
DA:128,0
DA:131,0
DA:133,0
DA:136,0
DA:141,0
DA:146,0
DA:151,0
LF:36
LH:0
BRDA:40,0,0,0
BRDA:41,1,0,0
BRDA:41,1,1,0
BRDA:42,2,0,0
BRDA:42,2,1,0
BRDA:43,3,0,0
BRDA:43,3,1,0
BRDA:44,4,0,0
BRDA:44,4,1,0
BRDA:51,5,0,0
BRDA:51,5,1,0
BRDA:68,6,0,0
BRDA:68,6,1,0
BRDA:74,7,0,0
BRDA:74,7,1,0
BRDA:85,8,0,0
BRDA:85,8,1,0
BRDA:92,9,0,0
BRDA:92,9,1,0
BRDA:92,10,0,0
BRDA:92,10,1,0
BRDA:103,11,0,0
BRDA:103,11,1,0
BRDA:106,12,0,0
BRDA:106,12,1,0
BRDA:118,13,0,0
BRDA:118,13,1,0
BRDA:128,14,0,0
BRDA:128,14,1,0
BRF:29
BRH:0
end_of_record
TN:
SF:src/cross_domain_injector.ts
FN:46,detectCorrelation
FN:55,detectCorrelation
FN:62,(anonymous_2)
FN:71,(anonymous_3)
FN:76,(anonymous_4)
FN:81,addSignal
FN:85,clear
FN:90,parseTimeRange
FN:101,estimateTokens
FN:112,constructor
FN:119,inject
FN:133,(anonymous_11)
FN:142,formatForContext
FN:162,setProvider
FN:168,formatTimeAgo
FNF:15
FNH:0
FNDA:0,detectCorrelation
FNDA:0,detectCorrelation
FNDA:0,(anonymous_2)
FNDA:0,(anonymous_3)
FNDA:0,(anonymous_4)
FNDA:0,addSignal
FNDA:0,clear
FNDA:0,parseTimeRange
FNDA:0,estimateTokens
FNDA:0,constructor
FNDA:0,inject
FNDA:0,(anonymous_11)
FNDA:0,formatForContext
FNDA:0,setProvider
FNDA:0,formatTimeAgo
DA:47,0
DA:53,0
DA:62,0
DA:63,0
DA:67,0
DA:68,0
DA:69,0
DA:70,0
DA:71,0
DA:76,0
DA:78,0
DA:82,0
DA:86,0
DA:91,0
DA:92,0
DA:93,0
DA:94,0
DA:95,0
DA:96,0
DA:97,0
DA:102,0
DA:103,0
DA:104,0
DA:106,0
DA:113,0
DA:120,0
DA:129,0
DA:130,0
DA:133,0
DA:135,0
DA:143,0
DA:145,0
DA:146,0
DA:148,0
DA:149,0
DA:150,0
DA:151,0
DA:154,0
DA:155,0
DA:158,0
DA:163,0
DA:169,0
DA:170,0
DA:171,0
DA:172,0
DA:173,0
DA:174,0
DA:175,0
LF:48
LH:0
BRDA:67,0,0,0
BRDA:67,0,1,0
BRDA:69,1,0,0
BRDA:69,1,1,0
BRDA:78,2,0,0
BRDA:78,2,1,0
BRDA:92,3,0,0
BRDA:92,3,1,0
BRDA:94,4,0,0
BRDA:94,4,1,0
BRDA:94,4,2,0
BRDA:104,5,0,0
BRDA:104,5,1,0
BRDA:113,6,0,0
BRDA:113,6,1,0
BRDA:124,7,0,0
BRDA:124,7,1,0
BRDA:125,8,0,0
BRDA:125,8,1,0
BRDA:143,9,0,0
BRDA:143,9,1,0
BRDA:171,10,0,0
BRDA:171,10,1,0
BRDA:173,11,0,0
BRDA:173,11,1,0
BRF:25
BRH:0
end_of_record
TN:
SF:src/drift-budget-linker.ts
FN:47,constructor
FN:56,adjustBudget
FN:92,isEnabled
FN:96,setEnabled
FN:100,shouldAdjust
FN:105,updateConfig
FN:109,getConfig
FNF:7
FNH:0
FNDA:0,constructor
FNDA:0,adjustBudget
FNDA:0,isEnabled
FNDA:0,setEnabled
FNDA:0,shouldAdjust
FNDA:0,updateConfig
FNDA:0,getConfig
DA:24,0
DA:48,0
DA:49,0
DA:60,0
DA:62,0
DA:72,0
DA:73,0
DA:76,0
DA:77,0
DA:78,0
DA:79,0
DA:81,0
DA:93,0
DA:97,0
DA:101,0
DA:102,0
DA:106,0
DA:110,0
LF:18
LH:0
BRDA:60,0,0,0
BRDA:60,0,1,0
BRDA:63,1,0,0
BRDA:63,1,1,0
BRDA:64,2,0,0
BRDA:64,2,1,0
BRDA:65,3,0,0
BRDA:65,3,1,0
BRDA:66,4,0,0
BRDA:66,4,1,0
BRDA:67,5,0,0
BRDA:67,5,1,0
BRDA:67,5,2,0
BRDA:72,6,0,0
BRDA:72,6,1,0
BRDA:72,7,0,0
BRDA:72,7,1,0
BRDA:101,8,0,0
BRDA:101,8,1,0
BRF:19
BRH:0
end_of_record
TN:
SF:src/drift-detector.ts
FN:132,extractTopics
FN:171,(anonymous_1)
FN:184,computeSimilarity
FN:203,(anonymous_3)
FN:204,(anonymous_4)
FN:229,getEmbedding
FN:231,(anonymous_6)
FN:232,(anonymous_7)
FN:232,(anonymous_8)
FN:253,constructor
FN:261,feedTurn
FN:345,getDriftScore
FN:348,(anonymous_12)
FN:354,getDriftScores
FN:361,getAlerts
FN:375,detectDrift
FN:429,(anonymous_16)
FN:439,suggestActions
FN:488,reset
FN:500,updateConfig
FN:507,getConfig
FNF:21
FNH:0
FNDA:0,extractTopics
FNDA:0,(anonymous_1)
FNDA:0,computeSimilarity
FNDA:0,(anonymous_3)
FNDA:0,(anonymous_4)
FNDA:0,getEmbedding
FNDA:0,(anonymous_6)
FNDA:0,(anonymous_7)
FNDA:0,(anonymous_8)
FNDA:0,constructor
FNDA:0,feedTurn
FNDA:0,getDriftScore
FNDA:0,(anonymous_12)
FNDA:0,getDriftScores
FNDA:0,getAlerts
FNDA:0,detectDrift
FNDA:0,(anonymous_16)
FNDA:0,suggestActions
FNDA:0,reset
FNDA:0,updateConfig
FNDA:0,getConfig
DA:75,0
DA:94,0
DA:115,0
DA:133,0
DA:134,0
DA:136,0
DA:137,0
DA:139,0
DA:142,0
DA:143,0
DA:144,0
DA:145,0
DA:146,0
DA:147,0
DA:148,0
DA:154,0
DA:155,0
DA:157,0
DA:160,0
DA:161,0
DA:165,0
DA:167,0
DA:171,0
DA:189,0
DA:190,0
DA:191,0
DA:192,0
DA:194,0
DA:197,0
DA:198,0
DA:200,0
DA:201,0
DA:203,0
DA:204,0
DA:206,0
DA:207,0
DA:208,0
DA:209,0
DA:211,0
DA:212,0
DA:213,0
DA:214,0
DA:215,0
DA:216,0
DA:219,0
DA:220,0
DA:222,0
DA:230,0
DA:231,0
DA:232,0
DA:241,0
DA:243,0
DA:245,0
DA:247,0
DA:249,0
DA:251,0
DA:254,0
DA:262,0
DA:263,0
DA:266,0
DA:267,0
DA:270,0
DA:271,0
DA:273,0
DA:276,0
DA:277,0
DA:278,0
DA:282,0
DA:283,0
DA:287,0
DA:288,0
DA:289,0
DA:290,0
DA:292,0
DA:294,0
DA:295,0
DA:299,0
DA:300,0
DA:302,0
DA:306,0
DA:311,0
DA:312,0
DA:315,0
DA:316,0
DA:317,0
DA:318,0
DA:319,0
DA:322,0
DA:331,0
DA:332,0
DA:335,0
DA:338,0
DA:346,0
DA:347,0
DA:348,0
DA:355,0
DA:362,0
DA:380,0
DA:382,0
DA:383,0
DA:384,0
DA:385,0
DA:388,0
DA:389,0
DA:390,0
DA:391,0
DA:394,0
DA:398,0
DA:399,0
DA:400,0
DA:411,0
DA:412,0
DA:413,0
DA:416,0
DA:419,0
DA:423,0
DA:425,0
DA:429,0
DA:440,0
DA:441,0
DA:443,0
DA:444,0
DA:449,0
DA:454,0
DA:455,0
DA:460,0
DA:465,0
DA:466,0
DA:474,0
DA:475,0
DA:482,0
DA:489,0
DA:490,0
DA:491,0
DA:492,0
DA:493,0
DA:494,0
DA:501,0
DA:508,0
LF:139
LH:0
BRDA:137,0,0,0
BRDA:137,0,1,0
BRDA:139,1,0,0
BRDA:139,1,1,0
BRDA:144,2,0,0
BRDA:144,2,1,0
BRDA:145,3,0,0
BRDA:145,3,1,0
BRDA:145,4,0,0
BRDA:145,4,1,0
BRDA:146,5,0,0
BRDA:146,5,1,0
BRDA:148,6,0,0
BRDA:148,6,1,0
BRDA:160,7,0,0
BRDA:160,7,1,0
BRDA:189,8,0,0
BRDA:189,8,1,0
BRDA:189,9,0,0
BRDA:189,9,1,0
BRDA:190,10,0,0
BRDA:190,10,1,0
BRDA:197,11,0,0
BRDA:197,11,1,0
BRDA:198,12,0,0
BRDA:198,12,1,0
BRDA:200,13,0,0
BRDA:200,13,1,0
BRDA:200,14,0,0
BRDA:200,14,1,0
BRDA:201,15,0,0
BRDA:201,15,1,0
BRDA:201,16,0,0
BRDA:201,16,1,0
BRDA:212,17,0,0
BRDA:212,17,1,0
BRDA:213,18,0,0
BRDA:213,18,1,0
BRDA:220,19,0,0
BRDA:220,19,1,0
BRDA:230,20,0,0
BRDA:230,20,1,0
BRDA:232,21,0,0
BRDA:232,21,1,0
BRDA:253,22,0,0
BRDA:266,23,0,0
BRDA:266,23,1,0
BRDA:282,24,0,0
BRDA:282,24,1,0
BRDA:299,25,0,0
BRDA:299,25,1,0
BRDA:306,26,0,0
BRDA:306,26,1,0
BRDA:307,27,0,0
BRDA:307,27,1,0
BRDA:316,28,0,0
BRDA:316,28,1,0
BRDA:318,29,0,0
BRDA:318,29,1,0
BRDA:347,30,0,0
BRDA:347,30,1,0
BRDA:377,31,0,0
BRDA:380,32,0,0
BRDA:380,32,1,0
BRDA:382,33,0,0
BRDA:382,33,1,0
BRDA:399,34,0,0
BRDA:399,34,1,0
BRDA:406,35,0,0
BRDA:406,35,1,0
BRDA:416,36,0,0
BRDA:416,36,1,0
BRDA:419,37,0,0
BRDA:419,37,1,0
BRDA:428,38,0,0
BRDA:428,38,1,0
BRDA:443,39,0,0
BRDA:443,39,1,0
BRDA:454,40,0,0
BRDA:454,40,1,0
BRDA:465,41,0,0
BRDA:465,41,1,0
BRDA:474,42,0,0
BRDA:474,42,1,0
BRF:84
BRH:0
end_of_record
TN:
SF:src/engine.ts
FN:36,extractText
FN:40,(anonymous_1)
FN:52,estimateTokens
FN:79,selectByBudget
FN:81,(anonymous_4)
FN:82,(anonymous_5)
FN:86,(anonymous_6)
FN:97,constructor
FN:98,get
FN:99,set
FN:99,(anonymous_10)
FN:125,constructor
FN:136,_session
FN:138,bootstrap
FN:163,ingest
FN:189,ingestBatch
FN:197,assemble
FN:210,(anonymous_17)
FN:244,(anonymous_18)
FN:254,(anonymous_19)
FN:258,(anonymous_20)
FN:264,(anonymous_21)
FN:288,(anonymous_22)
FN:288,(anonymous_23)
FN:298,compact
FN:345,_executeCompaction
FN:349,(anonymous_26)
FN:363,(anonymous_27)
FN:364,(anonymous_28)
FN:410,(anonymous_29)
FN:412,(anonymous_30)
FN:420,(anonymous_31)
FN:433,_estimateMessageTokens
FN:450,_computeKeepCount
FN:464,_buildSummary
FN:504,(anonymous_35)
FN:510,_makeId
FN:514,maintain
FN:523,getTokenCounter
FN:530,countTokens
FN:534,afterTurn
FN:545,prepareSubagentSpawn
FN:549,(anonymous_42)
FN:552,onSubagentEnded
FN:560,injectRLExperience
FN:575,injectGovernanceSignals
FN:586,setRLProvider
FN:595,setGovernanceProvider
FN:604,getConfidenceGate
FN:609,setCrossDomainProvider
FN:618,getDependencyTracker
FN:624,setDependencyTracker
FN:631,selectMemoryStrategy
FN:647,recallWithStrategy
FN:664,recordStrategyFeedback
FN:669,getStrategyStats
FN:674,resetStrategySelector
FN:678,_recallAggressive
FN:682,_recallSelective
FN:685,(anonymous_59)
FN:688,_recallMinimal
FN:692,_recallAdaptive
FN:699,setCIProvider
FN:708,getBudgetManager
FN:713,injectExternalContext
FN:741,injectCrossDomainContext
FN:774,injectCIContext
FN:811,_loadPreviousSessionContext
FN:818,(anonymous_68)
FN:837,_storeSessionSummary
FN:849,(anonymous_70)
FN:875,dispose
FN:880,feedDriftDetector
FN:885,getDriftScore
FN:890,getDriftReport
FN:895,getDriftAlerts
FN:900,resetDriftDetector
FN:906,updateDriftConfig
FN:916,calculateSmartBudget
FN:937,getSmartBudgetAllocator
FN:942,getBudgetHistory
FN:949,getSessionState
FN:954,getKeyEntities
FN:962,healthCheck
FN:1016,createClawContextEngine
FNF:85
FNH:0
FNDA:0,extractText
FNDA:0,(anonymous_1)
FNDA:0,estimateTokens
FNDA:0,selectByBudget
FNDA:0,(anonymous_4)
FNDA:0,(anonymous_5)
FNDA:0,(anonymous_6)
FNDA:0,constructor
FNDA:0,get
FNDA:0,set
FNDA:0,(anonymous_10)
FNDA:0,constructor
FNDA:0,_session
FNDA:0,bootstrap
FNDA:0,ingest
FNDA:0,ingestBatch
FNDA:0,assemble
FNDA:0,(anonymous_17)
FNDA:0,(anonymous_18)
FNDA:0,(anonymous_19)
FNDA:0,(anonymous_20)
FNDA:0,(anonymous_21)
FNDA:0,(anonymous_22)
FNDA:0,(anonymous_23)
FNDA:0,compact
FNDA:0,_executeCompaction
FNDA:0,(anonymous_26)
FNDA:0,(anonymous_27)
FNDA:0,(anonymous_28)
FNDA:0,(anonymous_29)
FNDA:0,(anonymous_30)
FNDA:0,(anonymous_31)
FNDA:0,_estimateMessageTokens
FNDA:0,_computeKeepCount
FNDA:0,_buildSummary
FNDA:0,(anonymous_35)
FNDA:0,_makeId
FNDA:0,maintain
FNDA:0,getTokenCounter
FNDA:0,countTokens
FNDA:0,afterTurn
FNDA:0,prepareSubagentSpawn
FNDA:0,(anonymous_42)
FNDA:0,onSubagentEnded
FNDA:0,injectRLExperience
FNDA:0,injectGovernanceSignals
FNDA:0,setRLProvider
FNDA:0,setGovernanceProvider
FNDA:0,getConfidenceGate
FNDA:0,setCrossDomainProvider
FNDA:0,getDependencyTracker
FNDA:0,setDependencyTracker
FNDA:0,selectMemoryStrategy
FNDA:0,recallWithStrategy
FNDA:0,recordStrategyFeedback
FNDA:0,getStrategyStats
FNDA:0,resetStrategySelector
FNDA:0,_recallAggressive
FNDA:0,_recallSelective
FNDA:0,(anonymous_59)
FNDA:0,_recallMinimal
FNDA:0,_recallAdaptive
FNDA:0,setCIProvider
FNDA:0,getBudgetManager
FNDA:0,injectExternalContext
FNDA:0,injectCrossDomainContext
FNDA:0,injectCIContext
FNDA:0,_loadPreviousSessionContext
FNDA:0,(anonymous_68)
FNDA:0,_storeSessionSummary
FNDA:0,(anonymous_70)
FNDA:0,dispose
FNDA:0,feedDriftDetector
FNDA:0,getDriftScore
FNDA:0,getDriftReport
FNDA:0,getDriftAlerts
FNDA:0,resetDriftDetector
FNDA:0,updateDriftConfig
FNDA:0,calculateSmartBudget
FNDA:0,getSmartBudgetAllocator
FNDA:0,getBudgetHistory
FNDA:0,getSessionState
FNDA:0,getKeyEntities
FNDA:0,healthCheck
FNDA:0,createClawContextEngine
DA:31,0
DA:37,0
DA:38,0
DA:39,0
DA:40,0
DA:41,0
DA:49,0
DA:50,0
DA:53,0
DA:54,0
DA:55,0
DA:58,0
DA:59,0
DA:60,0
DA:62,0
DA:65,0
DA:67,0
DA:68,0
DA:69,0
DA:70,0
DA:72,0
DA:74,0
DA:80,0
DA:81,0
DA:82,0
DA:83,0
DA:84,0
DA:85,0
DA:86,0
DA:87,0
DA:89,0
DA:92,0
DA:95,0
DA:97,0
DA:98,0
DA:99,0
DA:103,0
DA:107,0
DA:108,0
DA:109,0
DA:110,0
DA:111,0
DA:112,0
DA:113,0
DA:115,0
DA:117,0
DA:119,0
DA:120,0
DA:126,0
DA:127,0
DA:128,0
DA:129,0
DA:130,0
DA:131,0
DA:133,0
DA:136,0
DA:139,0
DA:140,0
DA:143,0
DA:144,0
DA:145,0
DA:146,0
DA:147,0
DA:153,0
DA:154,0
DA:157,0
DA:160,0
DA:164,0
DA:165,0
DA:166,0
DA:167,0
DA:168,0
DA:169,0
DA:172,0
DA:173,0
DA:178,0
DA:179,0
DA:185,0
DA:186,0
DA:190,0
DA:191,0
DA:192,0
DA:193,0
DA:194,0
DA:198,0
DA:201,0
DA:202,0
DA:206,0
DA:210,0
DA:214,0
DA:215,0
DA:216,0
DA:219,0
DA:220,0
DA:221,0
DA:222,0
DA:223,0
DA:225,0
DA:226,0
DA:227,0
DA:228,0
DA:229,0
DA:230,0
DA:231,0
DA:244,0
DA:248,0
DA:249,0
DA:250,0
DA:251,0
DA:254,0
DA:257,0
DA:258,0
DA:261,0
DA:264,0
DA:265,0
DA:266,0
DA:270,0
DA:271,0
DA:274,0
DA:275,0
DA:278,0
DA:279,0
DA:281,0
DA:284,0
DA:285,0
DA:286,0
DA:287,0
DA:288,0
DA:290,0
DA:295,0
DA:299,0
DA:300,0
DA:302,0
DA:303,0
DA:304,0
DA:305,0
DA:306,0
DA:307,0
DA:308,0
DA:309,0
DA:310,0
DA:312,0
DA:317,0
DA:318,0
DA:320,0
DA:321,0
DA:322,0
DA:323,0
DA:325,0
DA:336,0
DA:337,0
DA:349,0
DA:350,0
DA:352,0
DA:353,0
DA:354,0
DA:355,0
DA:357,0
DA:362,0
DA:363,0
DA:364,0
DA:366,0
DA:367,0
DA:371,0
DA:372,0
DA:373,0
DA:374,0
DA:375,0
DA:376,0
DA:379,0
DA:380,0
DA:384,0
DA:385,0
DA:386,0
DA:387,0
DA:388,0
DA:389,0
DA:390,0
DA:394,0
DA:395,0
DA:396,0
DA:400,0
DA:401,0
DA:404,0
DA:405,0
DA:406,0
DA:407,0
DA:409,0
DA:410,0
DA:412,0
DA:416,0
DA:417,0
DA:418,0
DA:420,0
DA:421,0
DA:423,0
DA:434,0
DA:435,0
DA:436,0
DA:437,0
DA:438,0
DA:439,0
DA:440,0
DA:441,0
DA:442,0
DA:444,0
DA:446,0
DA:451,0
DA:452,0
DA:453,0
DA:454,0
DA:456,0
DA:457,0
DA:460,0
DA:465,0
DA:466,0
DA:475,0
DA:476,0
DA:477,0
DA:478,0
DA:479,0
DA:480,0
DA:481,0
DA:482,0
DA:483,0
DA:484,0
DA:485,0
DA:488,0
DA:491,0
DA:492,0
DA:493,0
DA:497,0
DA:498,0
DA:502,0
DA:503,0
DA:504,0
DA:507,0
DA:511,0
DA:515,0
DA:516,0
DA:517,0
DA:524,0
DA:531,0
DA:535,0
DA:536,0
DA:537,0
DA:540,0
DA:541,0
DA:546,0
DA:547,0
DA:548,0
DA:549,0
DA:553,0
DA:565,0
DA:566,0
DA:568,0
DA:579,0
DA:580,0
DA:582,0
DA:587,0
DA:588,0
DA:590,0
DA:596,0
DA:597,0
DA:599,0
DA:605,0
DA:610,0
DA:611,0
DA:613,0
DA:619,0
DA:620,0
DA:625,0
DA:635,0
DA:636,0
DA:638,0
DA:651,0
DA:653,0
DA:655,0
DA:657,0
DA:659,0
DA:665,0
DA:670,0
DA:675,0
DA:679,0
DA:683,0
DA:684,0
DA:685,0
DA:689,0
DA:693,0
DA:694,0
DA:695,0
DA:700,0
DA:701,0
DA:703,0
DA:709,0
DA:714,0
DA:716,0
DA:717,0
DA:721,0
DA:722,0
DA:723,0
DA:727,0
DA:728,0
DA:731,0
DA:732,0
DA:733,0
DA:737,0
DA:745,0
DA:747,0
DA:748,0
DA:751,0
DA:759,0
DA:761,0
DA:763,0
DA:778,0
DA:780,0
DA:781,0
DA:784,0
DA:793,0
DA:795,0
DA:797,0
DA:812,0
DA:814,0
DA:815,0
DA:818,0
DA:819,0
DA:821,0
DA:824,0
DA:825,0
DA:827,0
DA:829,0
DA:838,0
DA:841,0
DA:842,0
DA:843,0
DA:849,0
DA:850,0
DA:852,0
DA:853,0
DA:854,0
DA:857,0
DA:860,0
DA:861,0
DA:863,0
DA:867,0
DA:875,0
DA:881,0
DA:886,0
DA:891,0
DA:896,0
DA:901,0
DA:902,0
DA:907,0
DA:925,0
DA:926,0
DA:928,0
DA:929,0
DA:930,0
DA:931,0
DA:933,0
DA:938,0
DA:943,0
DA:950,0
DA:955,0
DA:956,0
DA:963,0
DA:964,0
DA:967,0
DA:968,0
DA:969,0
DA:970,0
DA:972,0
DA:976,0
DA:977,0
DA:978,0
DA:979,0
DA:981,0
DA:985,0
DA:986,0
DA:989,0
DA:990,0
DA:991,0
DA:992,0
DA:993,0
DA:995,0
DA:999,0
DA:1000,0
DA:1003,0
DA:1004,0
DA:1005,0
DA:1008,0
DA:1009,0
DA:1010,0
DA:1012,0
DA:1017,0
LF:395
LH:0
BRDA:37,0,0,0
BRDA:37,0,1,0
BRDA:39,1,0,0
BRDA:39,1,1,0
BRDA:40,2,0,0
BRDA:40,2,1,0
BRDA:40,3,0,0
BRDA:40,3,1,0
BRDA:40,4,0,0
BRDA:40,4,1,0
BRDA:40,4,2,0
BRDA:41,5,0,0
BRDA:41,5,1,0
BRDA:53,6,0,0
BRDA:53,6,1,0
BRDA:55,7,0,0
BRDA:55,7,1,0
BRDA:58,8,0,0
BRDA:58,8,1,0
BRDA:67,9,0,0
BRDA:67,9,1,0
BRDA:68,10,0,0
BRDA:68,10,1,0
BRDA:70,11,0,0
BRDA:70,11,1,0
BRDA:80,12,0,0
BRDA:80,12,1,0
BRDA:86,13,0,0
BRDA:86,13,1,0
BRDA:97,14,0,0
BRDA:98,15,0,0
BRDA:98,15,1,0
BRDA:98,16,0,0
BRDA:98,16,1,0
BRDA:99,17,0,0
BRDA:99,17,1,0
BRDA:99,18,0,0
BRDA:99,18,1,0
BRDA:127,19,0,0
BRDA:127,19,1,0
BRDA:127,20,0,0
BRDA:127,20,1,0
BRDA:136,21,0,0
BRDA:136,21,1,0
BRDA:146,22,0,0
BRDA:146,22,1,0
BRDA:164,23,0,0
BRDA:164,23,1,0
BRDA:167,24,0,0
BRDA:167,24,1,0
BRDA:167,25,0,0
BRDA:167,25,1,0
BRDA:173,26,0,0
BRDA:173,26,1,0
BRDA:178,27,0,0
BRDA:178,27,1,0
BRDA:190,28,0,0
BRDA:190,28,1,0
BRDA:193,29,0,0
BRDA:193,29,1,0
BRDA:193,30,0,0
BRDA:193,30,1,0
BRDA:201,31,0,0
BRDA:201,31,1,0
BRDA:201,32,0,0
BRDA:201,32,1,0
BRDA:215,33,0,0
BRDA:215,33,1,0
BRDA:219,34,0,0
BRDA:219,34,1,0
BRDA:219,34,2,0
BRDA:220,35,0,0
BRDA:220,35,1,0
BRDA:221,36,0,0
BRDA:221,36,1,0
BRDA:222,37,0,0
BRDA:222,37,1,0
BRDA:222,38,0,0
BRDA:222,38,1,0
BRDA:222,39,0,0
BRDA:222,39,1,0
BRDA:222,39,2,0
BRDA:222,40,0,0
BRDA:222,40,1,0
BRDA:223,41,0,0
BRDA:223,41,1,0
BRDA:223,42,0,0
BRDA:223,42,1,0
BRDA:227,43,0,0
BRDA:227,43,1,0
BRDA:229,44,0,0
BRDA:229,44,1,0
BRDA:230,45,0,0
BRDA:230,45,1,0
BRDA:235,46,0,0
BRDA:235,46,1,0
BRDA:244,47,0,0
BRDA:244,47,1,0
BRDA:244,48,0,0
BRDA:244,48,1,0
BRDA:248,49,0,0
BRDA:248,49,1,0
BRDA:265,50,0,0
BRDA:265,50,1,0
BRDA:275,51,0,0
BRDA:275,51,1,0
BRDA:279,52,0,0
BRDA:279,52,1,0
BRDA:281,53,0,0
BRDA:281,53,1,0
BRDA:285,54,0,0
BRDA:285,54,1,0
BRDA:290,55,0,0
BRDA:290,55,1,0
BRDA:299,56,0,0
BRDA:299,56,1,0
BRDA:303,57,0,0
BRDA:303,57,1,0
BRDA:303,58,0,0
BRDA:303,58,1,0
BRDA:304,59,0,0
BRDA:304,59,1,0
BRDA:305,60,0,0
BRDA:305,60,1,0
BRDA:306,61,0,0
BRDA:306,61,1,0
BRDA:307,62,0,0
BRDA:307,62,1,0
BRDA:309,63,0,0
BRDA:309,63,1,0
BRDA:309,64,0,0
BRDA:309,64,1,0
BRDA:317,65,0,0
BRDA:317,65,1,0
BRDA:317,65,2,0
BRDA:322,66,0,0
BRDA:322,66,1,0
BRDA:323,67,0,0
BRDA:323,67,1,0
BRDA:323,68,0,0
BRDA:323,68,1,0
BRDA:336,69,0,0
BRDA:336,69,1,0
BRDA:337,70,0,0
BRDA:337,70,1,0
BRDA:355,71,0,0
BRDA:355,71,1,0
BRDA:366,72,0,0
BRDA:366,72,1,0
BRDA:379,73,0,0
BRDA:379,73,1,0
BRDA:388,74,0,0
BRDA:388,74,1,0
BRDA:395,75,0,0
BRDA:395,75,1,0
BRDA:405,76,0,0
BRDA:405,76,1,0
BRDA:407,77,0,0
BRDA:407,77,1,0
BRDA:434,78,0,0
BRDA:434,78,1,0
BRDA:436,79,0,0
BRDA:436,79,1,0
BRDA:437,80,0,0
BRDA:437,80,1,0
BRDA:440,81,0,0
BRDA:440,81,1,0
BRDA:441,82,0,0
BRDA:441,82,1,0
BRDA:442,83,0,0
BRDA:442,83,1,0
BRDA:444,84,0,0
BRDA:444,84,1,0
BRDA:446,85,0,0
BRDA:446,85,1,0
BRDA:454,86,0,0
BRDA:454,86,1,0
BRDA:478,87,0,0
BRDA:478,87,1,0
BRDA:482,88,0,0
BRDA:482,88,1,0
BRDA:483,89,0,0
BRDA:483,89,1,0
BRDA:485,90,0,0
BRDA:485,90,1,0
BRDA:488,91,0,0
BRDA:488,91,1,0
BRDA:492,92,0,0
BRDA:492,92,1,0
BRDA:497,93,0,0
BRDA:497,93,1,0
BRDA:497,94,0,0
BRDA:497,94,1,0
BRDA:502,95,0,0
BRDA:502,95,1,0
BRDA:503,96,0,0
BRDA:503,96,1,0
BRDA:516,97,0,0
BRDA:516,97,1,0
BRDA:516,98,0,0
BRDA:516,98,1,0
BRDA:516,99,0,0
BRDA:516,99,1,0
BRDA:535,100,0,0
BRDA:535,100,1,0
BRDA:537,101,0,0
BRDA:537,101,1,0
BRDA:546,102,0,0
BRDA:546,102,1,0
BRDA:548,103,0,0
BRDA:548,103,1,0
BRDA:548,104,0,0
BRDA:548,104,1,0
BRDA:549,105,0,0
BRDA:549,105,1,0
BRDA:553,106,0,0
BRDA:553,106,1,0
BRDA:553,107,0,0
BRDA:553,107,1,0
BRDA:553,108,0,0
BRDA:553,108,1,0
BRDA:565,109,0,0
BRDA:565,109,1,0
BRDA:579,110,0,0
BRDA:579,110,1,0
BRDA:587,111,0,0
BRDA:587,111,1,0
BRDA:596,112,0,0
BRDA:596,112,1,0
BRDA:610,113,0,0
BRDA:610,113,1,0
BRDA:619,114,0,0
BRDA:619,114,1,0
BRDA:636,115,0,0
BRDA:636,115,1,0
BRDA:641,116,0,0
BRDA:641,116,1,0
BRDA:651,117,0,0
BRDA:651,117,1,0
BRDA:651,117,2,0
BRDA:651,117,3,0
BRDA:679,118,0,0
BRDA:679,118,1,0
BRDA:684,119,0,0
BRDA:684,119,1,0
BRDA:685,120,0,0
BRDA:685,120,1,0
BRDA:689,121,0,0
BRDA:689,121,1,0
BRDA:694,122,0,0
BRDA:694,122,1,0
BRDA:695,123,0,0
BRDA:695,123,1,0
BRDA:700,124,0,0
BRDA:700,124,1,0
BRDA:716,125,0,0
BRDA:716,125,1,0
BRDA:721,126,0,0
BRDA:721,126,1,0
BRDA:723,127,0,0
BRDA:723,127,1,0
BRDA:727,128,0,0
BRDA:727,128,1,0
BRDA:731,129,0,0
BRDA:731,129,1,0
BRDA:733,130,0,0
BRDA:733,130,1,0
BRDA:745,131,0,0
BRDA:745,131,1,0
BRDA:745,132,0,0
BRDA:745,132,1,0
BRDA:747,133,0,0
BRDA:747,133,1,0
BRDA:754,134,0,0
BRDA:754,134,1,0
BRDA:759,135,0,0
BRDA:759,135,1,0
BRDA:778,136,0,0
BRDA:778,136,1,0
BRDA:780,137,0,0
BRDA:780,137,1,0
BRDA:793,138,0,0
BRDA:793,138,1,0
BRDA:815,139,0,0
BRDA:815,139,1,0
BRDA:815,140,0,0
BRDA:815,140,1,0
BRDA:821,141,0,0
BRDA:821,141,1,0
BRDA:825,142,0,0
BRDA:825,142,1,0
BRDA:827,143,0,0
BRDA:827,143,1,0
BRDA:838,144,0,0
BRDA:838,144,1,0
BRDA:838,145,0,0
BRDA:838,145,1,0
BRDA:850,146,0,0
BRDA:850,146,1,0
BRDA:853,147,0,0
BRDA:853,147,1,0
BRDA:853,148,0,0
BRDA:853,148,1,0
BRDA:861,149,0,0
BRDA:861,149,1,0
BRDA:863,150,0,0
BRDA:863,150,1,0
BRDA:918,151,0,0
BRDA:925,152,0,0
BRDA:925,152,1,0
BRDA:929,153,0,0
BRDA:929,153,1,0
BRDA:930,154,0,0
BRDA:930,154,1,0
BRDA:931,155,0,0
BRDA:931,155,1,0
BRDA:955,156,0,0
BRDA:955,156,1,0
BRDA:979,157,0,0
BRDA:979,157,1,0
BRDA:989,158,0,0
BRDA:989,158,1,0
BRDA:1005,159,0,0
BRDA:1005,159,1,0
BRDA:1008,160,0,0
BRDA:1008,160,1,0
BRDA:1009,161,0,0
BRDA:1009,161,1,0
BRF:328
BRH:0
end_of_record
TN:
SF:src/governance_injector.ts
FN:50,getSignals
FN:59,getSignals
FN:65,(anonymous_2)
FN:70,addSignal
FN:74,clear
FN:79,estimateTokens
FN:90,constructor
FN:97,inject
FN:114,formatForContext
FN:128,(anonymous_9)
FN:140,setProvider
FNF:11
FNH:0
FNDA:0,getSignals
FNDA:0,getSignals
FNDA:0,(anonymous_2)
FNDA:0,addSignal
FNDA:0,clear
FNDA:0,estimateTokens
FNDA:0,constructor
FNDA:0,inject
FNDA:0,formatForContext
FNDA:0,(anonymous_9)
FNDA:0,setProvider
DA:28,0
DA:51,0
DA:57,0
DA:63,0
DA:64,0
DA:65,0
DA:67,0
DA:71,0
DA:75,0
DA:80,0
DA:81,0
DA:82,0
DA:84,0
DA:91,0
DA:98,0
DA:103,0
DA:104,0
DA:105,0
DA:108,0
DA:115,0
DA:118,0
DA:119,0
DA:120,0
DA:121,0
DA:122,0
DA:125,0
DA:126,0
DA:127,0
DA:128,0
DA:129,0
DA:130,0
DA:131,0
DA:133,0
DA:136,0
DA:141,0
LF:35
LH:0
BRDA:64,0,0,0
BRDA:64,0,1,0
BRDA:64,1,0,0
BRDA:64,1,1,0
BRDA:82,2,0,0
BRDA:82,2,1,0
BRDA:91,3,0,0
BRDA:91,3,1,0
BRDA:105,4,0,0
BRDA:105,4,1,0
BRDA:115,5,0,0
BRDA:115,5,1,0
BRDA:120,6,0,0
BRDA:120,6,1,0
BRDA:127,7,0,0
BRDA:127,7,1,0
BRDA:129,8,0,0
BRDA:129,8,1,0
BRDA:129,9,0,0
BRDA:129,9,1,0
BRDA:130,10,0,0
BRDA:130,10,1,0
BRF:22
BRH:0
end_of_record
TN:
SF:src/index.ts
FN:29,register
FN:37,(anonymous_1)
FNF:2
FNH:0
FNDA:0,register
FNDA:0,(anonymous_1)
DA:22,0
DA:30,0
DA:36,0
DA:37,0
DA:38,0
DA:40,0
DA:42,0
LF:7
LH:0
BRDA:31,0,0,0
BRDA:31,0,1,0
BRDA:32,1,0,0
BRDA:32,1,1,0
BRDA:33,2,0,0
BRDA:33,2,1,0
BRF:6
BRH:0
end_of_record
TN:
SF:src/long-term-dependency-tracker.ts
FN:74,track
FN:97,getRelated
FN:106,(anonymous_2)
FN:113,(anonymous_3)
FN:117,getDependencyChain
FN:164,exportGraph
FN:168,(anonymous_6)
FN:170,(anonymous_7)
FN:211,trackCausal
FN:230,trackDecision
FN:247,queryCausality
FN:249,(anonymous_11)
FN:250,(anonymous_12)
FN:251,(anonymous_13)
FN:255,getCrossSessionRelations
FN:257,(anonymous_15)
FN:264,reset
FN:272,getStats
FN:288,ingestFromSessionState
FN:304,_addMention
FN:323,_coOccurrenceKey
FN:327,_entitiesInSession
FN:330,(anonymous_22)
FN:337,_pruneMentions
FN:339,(anonymous_24)
FN:340,(anonymous_25)
FN:341,(anonymous_26)
FNF:27
FNH:0
FNDA:0,track
FNDA:0,getRelated
FNDA:0,(anonymous_2)
FNDA:0,(anonymous_3)
FNDA:0,getDependencyChain
FNDA:0,exportGraph
FNDA:0,(anonymous_6)
FNDA:0,(anonymous_7)
FNDA:0,trackCausal
FNDA:0,trackDecision
FNDA:0,queryCausality
FNDA:0,(anonymous_11)
FNDA:0,(anonymous_12)
FNDA:0,(anonymous_13)
FNDA:0,getCrossSessionRelations
FNDA:0,(anonymous_15)
FNDA:0,reset
FNDA:0,getStats
FNDA:0,ingestFromSessionState
FNDA:0,_addMention
FNDA:0,_coOccurrenceKey
FNDA:0,_entitiesInSession
FNDA:0,(anonymous_22)
FNDA:0,_pruneMentions
FNDA:0,(anonymous_24)
FNDA:0,(anonymous_25)
FNDA:0,(anonymous_26)
DA:64,0
DA:65,0
DA:66,0
DA:67,0
DA:68,0
DA:69,0
DA:75,0
DA:77,0
DA:78,0
DA:80,0
DA:81,0
DA:82,0
DA:83,0
DA:84,0
DA:86,0
DA:87,0
DA:88,0
DA:91,0
DA:92,0
DA:98,0
DA:99,0
DA:101,0
DA:102,0
DA:103,0
DA:104,0
DA:105,0
DA:106,0
DA:107,0
DA:113,0
DA:118,0
DA:119,0
DA:121,0
DA:122,0
DA:123,0
DA:127,0
DA:128,0
DA:129,0
DA:130,0
DA:132,0
DA:133,0
DA:134,0
DA:135,0
DA:136,0
DA:139,0
DA:140,0
DA:141,0
DA:142,0
DA:143,0
DA:144,0
DA:145,0
DA:146,0
DA:152,0
DA:153,0
DA:156,0
DA:158,0
DA:159,0
DA:160,0
DA:165,0
DA:167,0
DA:168,0
DA:169,0
DA:170,0
DA:175,0
DA:176,0
DA:177,0
DA:186,0
DA:187,0
DA:188,0
DA:197,0
DA:198,0
DA:207,0
DA:212,0
DA:222,0
DA:224,0
DA:225,0
DA:232,0
DA:233,0
DA:234,0
DA:239,0
DA:240,0
DA:248,0
DA:249,0
DA:250,0
DA:251,0
DA:256,0
DA:257,0
DA:259,0
DA:260,0
DA:265,0
DA:266,0
DA:267,0
DA:268,0
DA:273,0
DA:274,0
DA:275,0
DA:277,0
DA:289,0
DA:290,0
DA:291,0
DA:292,0
DA:305,0
DA:306,0
DA:307,0
DA:308,0
DA:310,0
DA:318,0
DA:319,0
DA:324,0
DA:328,0
DA:329,0
DA:330,0
DA:331,0
DA:334,0
DA:338,0
DA:340,0
DA:341,0
DA:342,0
DA:346,0
DA:347,0
DA:348,0
LF:120
LH:0
BRDA:77,0,0,0
BRDA:77,0,1,0
BRDA:78,1,0,0
BRDA:78,1,1,0
BRDA:82,2,0,0
BRDA:82,2,1,0
BRDA:91,3,0,0
BRDA:91,3,1,0
BRDA:98,4,0,0
BRDA:98,4,1,0
BRDA:102,5,0,0
BRDA:102,5,1,0
BRDA:102,6,0,0
BRDA:102,6,1,0
BRDA:103,7,0,0
BRDA:103,7,1,0
BRDA:104,8,0,0
BRDA:104,8,1,0
BRDA:106,9,0,0
BRDA:106,9,1,0
BRDA:106,10,0,0
BRDA:106,10,1,0
BRDA:119,11,0,0
BRDA:119,11,1,0
BRDA:122,12,0,0
BRDA:122,12,1,0
BRDA:134,13,0,0
BRDA:134,13,1,0
BRDA:140,14,0,0
BRDA:140,14,1,0
BRDA:141,15,0,0
BRDA:141,15,1,0
BRDA:141,16,0,0
BRDA:141,16,1,0
BRDA:144,17,0,0
BRDA:144,17,1,0
BRDA:144,18,0,0
BRDA:144,18,1,0
BRDA:153,19,0,0
BRDA:153,19,1,0
BRDA:218,20,0,0
BRDA:218,20,1,0
BRDA:224,21,0,0
BRDA:224,21,1,0
BRDA:242,22,0,0
BRDA:242,22,1,0
BRDA:249,23,0,0
BRDA:249,23,1,0
BRDA:259,24,0,0
BRDA:259,24,1,0
BRDA:296,25,0,0
BRDA:296,25,1,0
BRDA:296,25,2,0
BRDA:306,26,0,0
BRDA:306,26,1,0
BRDA:318,27,0,0
BRDA:318,27,1,0
BRDA:330,28,0,0
BRDA:330,28,1,0
BRF:59
BRH:0
end_of_record
TN:
SF:src/rl_injector.ts
FN:37,getExperiences
FN:46,getExperiences
FN:49,(anonymous_2)
FN:54,addExperience
FN:58,clear
FN:63,estimateTokens
FN:74,constructor
FN:81,inject
FN:99,formatForContext
FN:102,(anonymous_9)
FN:112,setProvider
FNF:11
FNH:0
FNDA:0,getExperiences
FNDA:0,getExperiences
FNDA:0,(anonymous_2)
FNDA:0,addExperience
FNDA:0,clear
FNDA:0,estimateTokens
FNDA:0,constructor
FNDA:0,inject
FNDA:0,formatForContext
FNDA:0,(anonymous_9)
FNDA:0,setProvider
DA:38,0
DA:44,0
DA:47,0
DA:48,0
DA:49,0
DA:51,0
DA:55,0
DA:59,0
DA:64,0
DA:65,0
DA:66,0
DA:68,0
DA:75,0
DA:82,0
DA:88,0
DA:89,0
DA:90,0
DA:93,0
DA:100,0
DA:102,0
DA:103,0
DA:104,0
DA:105,0
DA:108,0
DA:113,0
LF:25
LH:0
BRDA:48,0,0,0
BRDA:48,0,1,0
BRDA:51,1,0,0
BRDA:51,1,1,0
BRDA:66,2,0,0
BRDA:66,2,1,0
BRDA:75,3,0,0
BRDA:75,3,1,0
BRDA:85,4,0,0
BRDA:85,4,1,0
BRDA:100,5,0,0
BRDA:100,5,1,0
BRDA:103,6,0,0
BRDA:103,6,1,0
BRDA:104,7,0,0
BRDA:104,7,1,0
BRF:16
BRH:0
end_of_record
TN:
SF:src/session-state-extractor.ts
FN:103,extract
FN:107,(anonymous_1)
FN:123,extractEntities
FN:127,(anonymous_3)
FN:129,(anonymous_4)
FN:174,(anonymous_5)
FN:178,extractDecisions
FN:202,extractTopics
FN:236,(anonymous_8)
FN:240,extractActions
FN:263,merge
FN:280,(anonymous_11)
FN:298,(anonymous_12)
FN:301,(anonymous_13)
FN:302,(anonymous_14)
FN:312,getKeyEntities
FN:331,inferActor
FN:338,confidenceScore
FNF:18
FNH:0
FNDA:0,extract
FNDA:0,(anonymous_1)
FNDA:0,extractEntities
FNDA:0,(anonymous_3)
FNDA:0,(anonymous_4)
FNDA:0,(anonymous_5)
FNDA:0,extractDecisions
FNDA:0,extractTopics
FNDA:0,(anonymous_8)
FNDA:0,extractActions
FNDA:0,merge
FNDA:0,(anonymous_11)
FNDA:0,(anonymous_12)
FNDA:0,(anonymous_13)
FNDA:0,(anonymous_14)
FNDA:0,getKeyEntities
FNDA:0,inferActor
FNDA:0,confidenceScore
DA:72,0
DA:77,0
DA:87,0
DA:93,0
DA:98,0
DA:107,0
DA:108,0
DA:109,0
DA:111,0
DA:126,0
DA:127,0
DA:129,0
DA:134,0
DA:135,0
DA:136,0
DA:138,0
DA:148,0
DA:149,0
DA:150,0
DA:151,0
DA:156,0
DA:157,0
DA:158,0
DA:162,0
DA:163,0
DA:164,0
DA:168,0
DA:169,0
DA:170,0
DA:174,0
DA:179,0
DA:180,0
DA:182,0
DA:183,0
DA:184,0
DA:185,0
DA:186,0
DA:187,0
DA:189,0
DA:198,0
DA:203,0
DA:206,0
DA:216,0
DA:217,0
DA:218,0
DA:219,0
DA:220,0
DA:225,0
DA:226,0
DA:228,0
DA:229,0
DA:236,0
DA:241,0
DA:243,0
DA:244,0
DA:245,0
DA:246,0
DA:247,0
DA:256,0
DA:265,0
DA:266,0
DA:267,0
DA:269,0
DA:270,0
DA:271,0
DA:272,0
DA:274,0
DA:279,0
DA:280,0
DA:282,0
DA:283,0
DA:284,0
DA:285,0
DA:286,0
DA:291,0
DA:292,0
DA:293,0
DA:296,0
DA:298,0
DA:301,0
DA:302,0
DA:313,0
DA:322,0
DA:323,0
DA:326,0
DA:332,0
DA:333,0
DA:334,0
DA:335,0
DA:339,0
DA:340,0
DA:341,0
DA:342,0
DA:343,0
DA:344,0
LF:95
LH:0
BRDA:109,0,0,0
BRDA:109,0,1,0
BRDA:135,1,0,0
BRDA:135,1,1,0
BRDA:186,2,0,0
BRDA:186,2,1,0
BRDA:186,3,0,0
BRDA:186,3,1,0
BRDA:218,4,0,0
BRDA:218,4,1,0
BRDA:219,5,0,0
BRDA:219,5,1,0
BRDA:220,6,0,0
BRDA:220,6,1,0
BRDA:271,7,0,0
BRDA:271,7,1,0
BRDA:284,8,0,0
BRDA:284,8,1,0
BRDA:293,9,0,0
BRDA:293,9,1,0
BRDA:332,10,0,0
BRDA:332,10,1,0
BRDA:333,11,0,0
BRDA:333,11,1,0
BRDA:334,12,0,0
BRDA:334,12,1,0
BRDA:340,13,0,0
BRDA:340,13,1,0
BRDA:341,14,0,0
BRDA:341,14,1,0
BRDA:342,15,0,0
BRDA:342,15,1,0
BRDA:343,16,0,0
BRDA:343,16,1,0
BRF:34
BRH:0
end_of_record
TN:
SF:src/smart-budget-allocator.ts
FN:105,detect
FN:109,(anonymous_1)
FN:147,getConfidence
FN:151,(anonymous_3)
FN:185,constructor
FN:194,calculateAdjustment
FN:214,applyBudgetShift
FN:251,constructor
FN:258,setDriftDetector
FN:265,allocate
FN:348,adjust
FN:364,getHistory
FN:369,getTaskDetector
FN:374,getAllocation
FN:380,getConfig
FN:385,updateConfig
FN:391,resetHistory
FNF:17
FNH:0
FNDA:0,detect
FNDA:0,(anonymous_1)
FNDA:0,getConfidence
FNDA:0,(anonymous_3)
FNDA:0,constructor
FNDA:0,calculateAdjustment
FNDA:0,applyBudgetShift
FNDA:0,constructor
FNDA:0,setDriftDetector
FNDA:0,allocate
FNDA:0,adjust
FNDA:0,getHistory
FNDA:0,getTaskDetector
FNDA:0,getAllocation
FNDA:0,getConfig
FNDA:0,updateConfig
FNDA:0,resetHistory
DA:59,0
DA:68,0
DA:83,0
DA:106,0
DA:108,0
DA:109,0
DA:113,0
DA:121,0
DA:122,0
DA:123,0
DA:124,0
DA:125,0
DA:126,0
DA:132,0
DA:133,0
DA:134,0
DA:135,0
DA:136,0
DA:137,0
DA:142,0
DA:143,0
DA:148,0
DA:150,0
DA:151,0
DA:155,0
DA:156,0
DA:158,0
DA:159,0
DA:160,0
DA:161,0
DA:162,0
DA:164,0
DA:165,0
DA:168,0
DA:171,0
DA:186,0
DA:197,0
DA:199,0
DA:201,0
DA:202,0
DA:206,0
DA:207,0
DA:215,0
DA:216,0
DA:219,0
DA:220,0
DA:223,0
DA:224,0
DA:225,0
DA:226,0
DA:229,0
DA:248,0
DA:249,0
DA:252,0
DA:253,0
DA:254,0
DA:259,0
DA:271,0
DA:274,0
DA:279,0
DA:282,0
DA:283,0
DA:285,0
DA:286,0
DA:287,0
DA:291,0
DA:292,0
DA:295,0
DA:296,0
DA:298,0
DA:299,0
DA:300,0
DA:301,0
DA:303,0
DA:304,0
DA:308,0
DA:312,0
DA:313,0
DA:314,0
DA:319,0
DA:334,0
DA:339,0
DA:341,0
DA:349,0
DA:350,0
DA:351,0
DA:353,0
DA:365,0
DA:370,0
DA:375,0
DA:376,0
DA:381,0
DA:386,0
DA:387,0
DA:392,0
LF:95
LH:0
BRDA:106,0,0,0
BRDA:106,0,1,0
BRDA:109,1,0,0
BRDA:109,1,1,0
BRDA:122,2,0,0
BRDA:122,2,1,0
BRDA:125,3,0,0
BRDA:125,3,1,0
BRDA:135,4,0,0
BRDA:135,4,1,0
BRDA:142,5,0,0
BRDA:142,5,1,0
BRDA:148,6,0,0
BRDA:148,6,1,0
BRDA:151,7,0,0
BRDA:151,7,1,0
BRDA:159,8,0,0
BRDA:159,8,1,0
BRDA:162,9,0,0
BRDA:162,9,1,0
BRDA:164,10,0,0
BRDA:164,10,1,0
BRDA:168,11,0,0
BRDA:168,11,1,0
BRDA:199,12,0,0
BRDA:199,12,1,0
BRDA:202,13,0,0
BRDA:202,13,1,0
BRDA:224,14,0,0
BRDA:224,14,1,0
BRDA:251,15,0,0
BRDA:271,16,0,0
BRDA:271,16,1,0
BRDA:274,17,0,0
BRDA:274,17,1,0
BRDA:285,18,0,0
BRDA:285,18,1,0
BRDA:298,19,0,0
BRDA:298,19,1,0
BRDA:336,20,0,0
BRDA:336,20,1,0
BRDA:375,21,0,0
BRDA:375,21,1,0
BRF:43
BRH:0
end_of_record
TN:
SF:src/token-counter.ts
FN:61,isEncodingName
FN:69,resolveEncoder
FN:109,constructor
FN:114,init
FN:119,isAvailable
FN:126,encode
FN:136,encodeBatch
FN:137,(anonymous_7)
FN:143,decode
FN:153,getTokenCount
FN:161,estimateTokenBudget
FN:181,getStats
FN:196,setModel
FN:202,getModel
FN:222,estimate
FN:239,isAccurate
FN:247,accuracy
FN:261,createTokenCounter
FN:270,count
FN:288,countBatch
FN:300,(anonymous_20)
FN:305,decode
FN:312,isPrecise
FNF:23
FNH:0
FNDA:0,isEncodingName
FNDA:0,resolveEncoder
FNDA:0,constructor
FNDA:0,init
FNDA:0,isAvailable
FNDA:0,encode
FNDA:0,encodeBatch
FNDA:0,(anonymous_7)
FNDA:0,decode
FNDA:0,getTokenCount
FNDA:0,estimateTokenBudget
FNDA:0,getStats
FNDA:0,setModel
FNDA:0,getModel
FNDA:0,estimate
FNDA:0,isAccurate
FNDA:0,accuracy
FNDA:0,createTokenCounter
FNDA:0,count
FNDA:0,countBatch
FNDA:0,(anonymous_20)
FNDA:0,decode
FNDA:0,isPrecise
DA:59,0
DA:62,0
DA:71,0
DA:72,0
DA:73,0
DA:80,0
DA:81,0
DA:87,0
DA:88,0
DA:89,0
DA:95,0
DA:96,0
DA:98,0
DA:105,0
DA:107,0
DA:110,0
DA:111,0
DA:115,0
DA:116,0
DA:120,0
DA:127,0
DA:128,0
DA:130,0
DA:137,0
DA:144,0
DA:145,0
DA:147,0
DA:154,0
DA:162,0
DA:163,0
DA:164,0
DA:166,0
DA:167,0
DA:168,0
DA:182,0
DA:183,0
DA:184,0
DA:186,0
DA:197,0
DA:198,0
DA:203,0
DA:210,0
DA:212,0
DA:214,0
DA:216,0
DA:223,0
DA:225,0
DA:226,0
DA:227,0
DA:230,0
DA:233,0
DA:240,0
DA:248,0
DA:249,0
DA:250,0
DA:252,0
DA:267,0
DA:269,0
DA:271,0
DA:272,0
DA:273,0
DA:282,0
DA:289,0
DA:290,0
DA:291,0
DA:299,0
DA:300,0
DA:306,0
DA:307,0
DA:309,0
DA:313,0
LF:71
LH:0
BRDA:71,0,0,0
BRDA:71,0,1,0
BRDA:109,1,0,0
BRDA:120,2,0,0
BRDA:120,2,1,0
BRDA:127,3,0,0
BRDA:127,3,1,0
BRDA:144,4,0,0
BRDA:144,4,1,0
BRDA:173,5,0,0
BRDA:173,5,1,0
BRDA:189,6,0,0
BRDA:189,6,1,0
BRDA:223,7,0,0
BRDA:223,7,1,0
BRDA:223,8,0,0
BRDA:223,8,1,0
BRDA:226,9,0,0
BRDA:226,9,1,0
BRDA:248,10,0,0
BRDA:248,10,1,0
BRDA:250,11,0,0
BRDA:250,11,1,0
BRDA:261,12,0,0
BRDA:271,13,0,0
BRDA:271,13,1,0
BRDA:289,14,0,0
BRDA:289,14,1,0
BRDA:306,15,0,0
BRDA:306,15,1,0
BRF:30
BRH:0
end_of_record
TN:
SF:src/token_budget_manager.ts
FN:55,constructor
FN:70,calculate
FN:114,reserveForCrossDomain
FN:122,reserveForCI
FN:130,canFit
FN:143,remaining
FN:154,updateConfig
FN:159,getConfig
FNF:8
FNH:0
FNDA:0,constructor
FNDA:0,calculate
FNDA:0,reserveForCrossDomain
FNDA:0,reserveForCI
FNDA:0,canFit
FNDA:0,remaining
FNDA:0,updateConfig
FNDA:0,getConfig
DA:44,0
DA:56,0
DA:59,0
DA:60,0
DA:61,0
DA:71,0
DA:73,0
DA:74,0
DA:75,0
DA:76,0
DA:79,0
DA:80,0
DA:81,0
DA:82,0
DA:85,0
DA:86,0
DA:87,0
DA:90,0
DA:91,0
DA:92,0
DA:95,0
DA:103,0
DA:115,0
DA:116,0
DA:123,0
DA:124,0
DA:131,0
DA:132,0
DA:137,0
DA:144,0
DA:145,0
DA:150,0
DA:155,0
DA:160,0
LF:34
LH:0
BRDA:55,0,0,0
BRDA:60,1,0,0
BRDA:60,1,1,0
BRDA:71,2,0,0
BRDA:71,2,1,0
BRDA:79,3,0,0
BRDA:79,3,1,0
BRDA:79,4,0,0
BRDA:79,4,1,0
BRDA:85,5,0,0
BRDA:85,5,1,0
BRDA:90,6,0,0
BRDA:90,6,1,0
BRDA:115,7,0,0
BRDA:115,7,1,0
BRDA:123,8,0,0
BRDA:123,8,1,0
BRDA:132,9,0,0
BRDA:132,9,1,0
BRDA:134,10,0,0
BRDA:134,10,1,0
BRDA:145,11,0,0
BRDA:145,11,1,0
BRDA:147,12,0,0
BRDA:147,12,1,0
BRF:25
BRH:0
end_of_record
